
Knights tour with 0 backtracking moves
1    306  3    308  1599 314  77   336  357  350  75   352  359  382  73   392  389  452  71   466  475  480  69   478  487  648  67   650  653  756  65   774  805  798  63   800  957  954  61   1218
4    309  1600 313  78   335  1598 347  76   353  358  381  74   391  388  451  72   465  474  481  70   477  486  647  68   651  654  757  66   773  806  797  64   801  1296 953  62   1219 958  955
305  2    307  334  315  346  337  356  349  380  351  360  383  412  393  390  453  482  467  476  485  638  479  488  659  758  649  652  755  796  775  804  1295 952  799  1260 1303 956  1217 60
310  5    312  79   338  363  348  1597 354  361  384  411  394  387  450  469  464  473  484  577  532  489  660  637  646  655  760  777  772  807  1280 951  802  1297 1302 1309 1220 1261 1222 959
81   304  333  316  345  400  355  362  379  1596 395  386  413  434  463  454  483  468  531  490  639  636  645  658  759  746  771  754  795  776  803  1294 1301 1308 1263 1304 1259 1310 59   1216
6    311  80   339  332  343  364  397  404  385  410  433  1594 449  470  507  472  491  576  533  578  661  730  745  656  761  778  879  808  1279 950  1281 1298 1305 1326 1311 1262 1221 960  1223
303  82   317  344  399  368  401  378  409  396  1595 414  435  462  455  492  511  530  509  640  635  644  657  762  747  770  753  794  949  880  1293 1340 1325 1300 1307 1264 1313 1258 1215 58
280  7    340  331  342  365  398  403  416  405  432  457  448  1593 506  471  508  575  534  579  662  729  744  731  764  779  878  809  1278 1339 1282 1299 1306 1329 1312 1327 1226 1177 1224 961
83   302  281  318  367  402  369  408  377  438  415  436  461  456  493  512  529  510  641  634  643  664  763  748  769  752  793  948  881  1292 1343 1330 1341 1324 1265 1314 1257 1214 57   1176
8    279  262  341  330  375  366  417  406  431  458  447  494  505  1592 537  574  535  580  663  728  743  732  765  780  877  810  1277 946  1283 1338 1317 1344 1315 1328 1227 1178 1225 962  1181
261  84   301  282  319  370  407  376  439  426  437  460  515  538  513  528  1591 572  633  642  665  766  749  768  751  792  947  882  1275 1348 1291 1342 1331 1266 1323 1256 1213 1180 1175 56
266  9    278  263  374  329  418  371  430  459  446  495  504  527  540  573  536  581  1590 727  742  733  790  781  876  811  1276 945  1284 1337 1318 1347 1316 1345 1246 1179 1228 1135 1182 963
85   260  265  300  283  320  373  440  425  442  427  516  539  514  567  582  571  632  679  666  1589 740  767  750  791  874  883  1274 1351 1290 1349 1332 1267 1322 1255 1212 1245 1174 55   1134
10   267  248  277  264  419  328  429  372  445  496  503  526  541  570  631  678  667  726  741  734  789  782  875  812  937  944  1285 1336 1319 1354 1321 1346 1247 1268 1229 1136 1183 964  1139
247  86   259  284  299  286  321  424  441  428  443  498  517  566  583  568  669  680  735  784  739  1588 813  938  873  884  1273 1352 1289 1350 1335 1270 1333 1254 1211 1244 1173 1138 1133 54
234  11   268  249  276  323  420  327  444  497  502  525  542  569  564  677  630  725  668  815  788  783  826  885  936  943  1286 1411 1272 1353 1320 1355 1248 1269 1230 1137 1184 1103 1140 965
87   246  235  258  285  298  287  322  423  520  499  518  565  584  593  670  681  736  785  738  825  814  1587 872  939  1410 941  1288 1417 1412 1271 1334 1253 1210 1243 1172 1167 1132 53   1102
12   233  212  269  250  275  324  421  326  501  524  543  592  563  676  629  724  697  816  787  870  827  886  935  942  1287 1418 1423 1414 1251 1356 1249 1170 1231 1168 1185 1104 1141 966  1107
211  88   245  236  257  288  297  290  521  422  519  500  585  594  671  682  699  786  737  824  887  902  871  1586 1409 940  1431 1416 1419 1422 1413 1252 1209 1242 1171 1166 1131 1106 1101 52
194  13   232  213  270  251  274  325  296  523  544  591  562  675  628  723  696  817  698  869  828  1389 934  901  1438 1433 1424 1421 1428 1415 1250 1357 1232 1169 1186 1105 1142 1057 1108 967
89   210  193  244  237  256  289  522  291  554  295  586  595  672  683  700  705  722  823  888  903  900  1435 1408 1585 1430 1439 1432 1425 1420 1427 1236 1241 1208 1165 1130 1125 1100 51   1056
14   195  214  231  216  271  252  273  254  545  590  561  674  627  706  695  818  701  868  829  1388 933  1390 1437 1434 1443 1584 1429 1440 1235 1358 1233 1128 1187 1126 1143 1058 1109 968  1061
197  90   209  192  243  238  255  292  553  294  555  596  587  684  673  704  721  822  889  904  899  1436 1407 1444 1473 1460 1471 1442 1497 1426 1237 1240 1207 1164 1129 1124 1099 1060 1055 50
180  15   196  215  230  217  272  253  546  589  560  685  626  707  694  819  702  867  830  1387 932  1391 1462 1459 1470 1499 1496 1583 1238 1441 1234 1359 1188 1127 1144 1059 1110 1039 1062 969
91   198  181  208  191  242  239  552  293  556  597  588  687  718  703  720  821  890  905  898  1385 1406 1445 1474 1461 1472 1501 1498 1529 1520 1239 1206 1163 1190 1123 1098 1093 1054 49   1038
16   179  170  199  218  229  220  547  240  559  686  625  708  693  820  891  866  831  1386 931  1392 1463 1458 1469 1500 1495 1582 1521 1518 1205 1360 1189 1096 1145 1094 1111 1040 1063 970  1043
169  92   201  182  207  190  241  228  551  598  557  688  717  834  719  832  915  906  897  1384 1405 1446 1475 1466 1515 1502 1517 1530 1525 1528 1519 1162 1191 1122 1097 1092 1053 1042 1037 48
174  17   178  171  200  219  548  221  558  227  624  709  692  715  892  865  896  913  930  1393 1464 1457 1468 1503 1494 1581 1524 1527 1522 1363 1204 1361 1146 1095 1112 1041 1064 1005 1044 971
93   168  173  202  183  206  189  550  599  604  689  716  835  850  833  914  907  916  1383 1404 1447 1476 1465 1514 1467 1516 1533 1548 1531 1526 1161 1192 1121 1148 1091 1052 1081 1036 47   1004
18   175  124  177  172  549  222  603  226  623  710  691  714  893  864  895  912  929  1394 1381 1456 1491 1504 1493 1580 1549 1546 1523 1364 1203 1362 1147 1090 1113 1082 1065 1006 1045 972  1009
123  94   167  184  203  188  205  600  605  690  619  836  849  842  851  908  917  1382 1403 1448 1477 1454 1513 1556 1545 1534 1553 1532 1547 1160 1193 1120 1149 1078 1051 1080 1035 1008 1003 46
116  19   176  125  166  223  602  225  620  711  622  713  844  863  894  911  928  1395 1380 1455 1490 1505 1492 1579 1552 1555 1550 1367 1202 1365 1158 1089 1114 1083 1066 1007 1046 985  1010 973
95   122  117  164  185  204  187  606  601  618  837  848  841  852  843  918  909  1402 1449 1478 1453 1512 1557 1544 1577 1560 1535 1554 1159 1194 1119 1150 1077 1050 1079 1034 1021 1002 45   986
20   115  110  121  126  165  224  617  612  621  712  845  862  847  910  927  1396 1379 1400 1487 1506 1489 1578 1565 1558 1551 1368 1201 1366 1157 1088 1115 1084 1067 1022 1047 984  1011 974  1001
109  96   127  118  163  186  159  138  607  838  615  840  853  926  919  1378 1401 1450 1479 1452 1511 1570 1543 1574 1561 1576 1559 1536 1195 1118 1151 1074 1049 1076 1033 1018 999  1020 987  44
114  21   120  111  132  137  162  611  616  613  154  859  846  861  854  1397 924  1399 1486 1507 1488 1573 1566 1571 1564 1541 1200 1369 1156 1087 1116 1085 1068 1025 1048 1023 1012 983  1000 975
97   108  113  128  119  160  133  158  139  608  839  614  153  858  925  920  1377 1480 1451 1482 1567 1510 1569 1542 1575 1562 1537 1196 1117 1152 1073 1026 1075 1032 1017 998  1019 988  43   982
22   103  100  107  112  131  136  161  610  155  142  149  860  147  152  855  1398 923  1374 1485 1508 1483 1572 1563 1540 1199 1370 1155 1072 1029 1086 1069 1016 993  1024 1013 980  997  976  989
101  98   105  24   129  134  157  26   143  140  609  28   145  150  857  30   921  1376 1481 32   1373 1568 1509 34   1371 1538 1197 36   1153 1070 1027 38   1031 1014 995  40   991  978  981  42
104  23   102  99   106  25   130  135  156  27   144  141  148  29   146  151  856  31   922  1375 1484 33   1372 1539 1198 35   1154 1071 1028 37   1030 1015 994  39   992  979  996  41   990  977

Knights tour with 0 backtracking moves
1    306  3    308  1599 314  77   336  357  350  75   352  359  382  73   392  389  452  71   466  475  480  69   478  487  648  67   650  653  756  65   774  805  798  63   800  957  954  61   1218
4    309  1600 313  78   335  1598 347  76   353  358  381  74   391  388  451  72   465  474  481  70   477  486  647  68   651  654  757  66   773  806  797  64   801  1296 953  62   1219 958  955
305  2    307  334  315  346  337  356  349  380  351  360  383  412  393  390  453  482  467  476  485  638  479  488  659  758  649  652  755  796  775  804  1295 952  799  1260 1303 956  1217 60
310  5    312  79   338  363  348  1597 354  361  384  411  394  387  450  469  464  473  484  577  532  489  660  637  646  655  760  777  772  807  1280 951  802  1297 1302 1309 1220 1261 1222 959
81   304  333  316  345  400  355  362  379  1596 395  386  413  434  463  454  483  468  531  490  639  636  645  658  759  746  771  754  795  776  803  1294 1301 1308 1263 1304 1259 1310 59   1216
6    311  80   339  332  343  364  397  404  385  410  433  1594 449  470  507  472  491  576  533  578  661  730  745  656  761  778  879  808  1279 950  1281 1298 1305 1326 1311 1262 1221 960  1223
303  82   317  344  399  368  401  378  409  396  1595 414  435  462  455  492  511  530  509  640  635  644  657  762  747  770  753  794  949  880  1293 1340 1325 1300 1307 1264 1313 1258 1215 58
280  7    340  331  342  365  398  403  416  405  432  457  448  1593 506  471  508  575  534  579  662  729  744  731  764  779  878  809  1278 1339 1282 1299 1306 1329 1312 1327 1226 1177 1224 961
83   302  281  318  367  402  369  408  377  438  415  436  461  456  493  512  529  510  641  634  643  664  763  748  769  752  793  948  881  1292 1343 1330 1341 1324 1265 1314 1257 1214 57   1176
8    279  262  341  330  375  366  417  406  431  458  447  494  505  1592 537  574  535  580  663  728  743  732  765  780  877  810  1277 946  1283 1338 1317 1344 1315 1328 1227 1178 1225 962  1181
261  84   301  282  319  370  407  376  439  426  437  460  515  538  513  528  1591 572  633  642  665  766  749  768  751  792  947  882  1275 1348 1291 1342 1331 1266 1323 1256 1213 1180 1175 56
266  9    278  263  374  329  418  371  430  459  446  495  504  527  540  573  536  581  1590 727  742  733  790  781  876  811  1276 945  1284 1337 1318 1347 1316 1345 1246 1179 1228 1135 1182 963
85   260  265  300  283  320  373  440  425  442  427  516  539  514  567  582  571  632  679  666  1589 740  767  750  791  874  883  1274 1351 1290 1349 1332 1267 1322 1255 1212 1245 1174 55   1134
10   267  248  277  264  419  328  429  372  445  496  503  526  541  570  631  678  667  726  741  734  789  782  875  812  937  944  1285 1336 1319 1354 1321 1346 1247 1268 1229 1136 1183 964  1139
247  86   259  284  299  286  321  424  441  428  443  498  517  566  583  568  669  680  735  784  739  1588 813  938  873  884  1273 1352 1289 1350 1335 1270 1333 1254 1211 1244 1173 1138 1133 54
234  11   268  249  276  323  420  327  444  497  502  525  542  569  564  677  630  725  668  815  788  783  826  885  936  943  1286 1411 1272 1353 1320 1355 1248 1269 1230 1137 1184 1103 1140 965
87   246  235  258  285  298  287  322  423  520  499  518  565  584  593  670  681  736  785  738  825  814  1587 872  939  1410 941  1288 1417 1412 1271 1334 1253 1210 1243 1172 1167 1132 53   1102
12   233  212  269  250  275  324  421  326  501  524  543  592  563  676  629  724  697  816  787  870  827  886  935  942  1287 1418 1423 1414 1251 1356 1249 1170 1231 1168 1185 1104 1141 966  1107
211  88   245  236  257  288  297  290  521  422  519  500  585  594  671  682  699  786  737  824  887  902  871  1586 1409 940  1431 1416 1419 1422 1413 1252 1209 1242 1171 1166 1131 1106 1101 52
194  13   232  213  270  251  274  325  296  523  544  591  562  675  628  723  696  817  698  869  828  1389 934  901  1438 1433 1424 1421 1428 1415 1250 1357 1232 1169 1186 1105 1142 1057 1108 967
89   210  193  244  237  256  289  522  291  554  295  586  595  672  683  700  705  722  823  888  903  900  1435 1408 1585 1430 1439 1432 1425 1420 1427 1236 1241 1208 1165 1130 1125 1100 51   1056
14   195  214  231  216  271  252  273  254  545  590  561  674  627  706  695  818  701  868  829  1388 933  1390 1437 1434 1443 1584 1429 1440 1235 1358 1233 1128 1187 1126 1143 1058 1109 968  1061
197  90   209  192  243  238  255  292  553  294  555  596  587  684  673  704  721  822  889  904  899  1436 1407 1444 1473 1460 1471 1442 1497 1426 1237 1240 1207 1164 1129 1124 1099 1060 1055 50
180  15   196  215  230  217  272  253  546  589  560  685  626  707  694  819  702  867  830  1387 932  1391 1462 1459 1470 1499 1496 1583 1238 1441 1234 1359 1188 1127 1144 1059 1110 1039 1062 969
91   198  181  208  191  242  239  552  293  556  597  588  687  718  703  720  821  890  905  898  1385 1406 1445 1474 1461 1472 1501 1498 1529 1520 1239 1206 1163 1190 1123 1098 1093 1054 49   1038
16   179  170  199  218  229  220  547  240  559  686  625  708  693  820  891  866  831  1386 931  1392 1463 1458 1469 1500 1495 1582 1521 1518 1205 1360 1189 1096 1145 1094 1111 1040 1063 970  1043
169  92   201  182  207  190  241  228  551  598  557  688  717  834  719  832  915  906  897  1384 1405 1446 1475 1466 1515 1502 1517 1530 1525 1528 1519 1162 1191 1122 1097 1092 1053 1042 1037 48
174  17   178  171  200  219  548  221  558  227  624  709  692  715  892  865  896  913  930  1393 1464 1457 1468 1503 1494 1581 1524 1527 1522 1363 1204 1361 1146 1095 1112 1041 1064 1005 1044 971
93   168  173  202  183  206  189  550  599  604  689  716  835  850  833  914  907  916  1383 1404 1447 1476 1465 1514 1467 1516 1533 1548 1531 1526 1161 1192 1121 1148 1091 1052 1081 1036 47   1004
18   175  124  177  172  549  222  603  226  623  710  691  714  893  864  895  912  929  1394 1381 1456 1491 1504 1493 1580 1549 1546 1523 1364 1203 1362 1147 1090 1113 1082 1065 1006 1045 972  1009
123  94   167  184  203  188  205  600  605  690  619  836  849  842  851  908  917  1382 1403 1448 1477 1454 1513 1556 1545 1534 1553 1532 1547 1160 1193 1120 1149 1078 1051 1080 1035 1008 1003 46
116  19   176  125  166  223  602  225  620  711  622  713  844  863  894  911  928  1395 1380 1455 1490 1505 1492 1579 1552 1555 1550 1367 1202 1365 1158 1089 1114 1083 1066 1007 1046 985  1010 973
95   122  117  164  185  204  187  606  601  618  837  848  841  852  843  918  909  1402 1449 1478 1453 1512 1557 1544 1575 1560 1535 1554 1159 1194 1119 1150 1077 1050 1079 1034 1021 1002 45   986
20   115  110  121  126  165  224  617  612  621  712  845  862  847  910  927  1396 1379 1400 1487 1506 1489 1578 1565 1558 1551 1368 1201 1366 1157 1088 1115 1084 1067 1022 1047 984  1011 974  1001
109  96   127  118  163  186  159  138  607  838  615  840  853  926  919  1378 1401 1450 1479 1452 1511 1570 1543 1576 1561 1574 1559 1536 1195 1118 1151 1074 1049 1076 1033 1018 999  1020 987  44
114  21   120  111  132  137  162  611  616  613  154  859  846  861  854  1397 924  1399 1486 1507 1488 1577 1566 1571 1564 1541 1200 1369 1156 1087 1116 1085 1068 1025 1048 1023 1012 983  1000 975
97   108  113  128  119  160  133  158  139  608  839  614  153  858  925  920  1377 1480 1451 1482 1567 1510 1569 1542 1573 1562 1537 1196 1117 1152 1073 1026 1075 1032 1017 998  1019 988  43   982
22   103  100  107  112  131  136  161  610  155  142  149  860  147  152  855  1398 923  1374 1485 1508 1483 1572 1563 1540 1199 1370 1155 1072 1029 1086 1069 1016 993  1024 1013 980  997  976  989
101  98   105  24   129  134  157  26   143  140  609  28   145  150  857  30   921  1376 1481 32   1373 1568 1509 34   1371 1538 1197 36   1153 1070 1027 38   1031 1014 995  40   991  978  981  42
104  23   102  99   106  25   130  135  156  27   144  141  148  29   146  151  856  31   922  1375 1484 33   1372 1539 1198 35   1154 1071 1028 37   1030 1015 994  39   992  979  996  41   990  977

Knights tour with 0 backtracking moves
1    306  3    308  1599 314  77   336  357  350  75   352  359  382  73   392  389  452  71   466  475  480  69   478  487  648  67   650  653  756  65   774  805  798  63   800  957  954  61   1218
4    309  1600 313  78   335  1598 347  76   353  358  381  74   391  388  451  72   465  474  481  70   477  486  647  68   651  654  757  66   773  806  797  64   801  1296 953  62   1219 958  955
305  2    307  334  315  346  337  356  349  380  351  360  383  412  393  390  453  482  467  476  485  638  479  488  659  758  649  652  755  796  775  804  1295 952  799  1260 1303 956  1217 60
310  5    312  79   338  363  348  1597 354  361  384  411  394  387  450  469  464  473  484  577  532  489  660  637  646  655  760  777  772  807  1280 951  802  1297 1302 1309 1220 1261 1222 959
81   304  333  316  345  400  355  362  379  1596 395  386  413  434  463  454  483  468  531  490  639  636  645  658  759  746  771  754  795  776  803  1294 1301 1308 1263 1304 1259 1310 59   1216
6    311  80   339  332  343  364  397  404  385  410  433  1594 449  470  507  472  491  576  533  578  661  730  745  656  761  778  879  808  1279 950  1281 1298 1305 1326 1311 1262 1221 960  1223
303  82   317  344  399  368  401  378  409  396  1595 414  435  462  455  492  511  530  509  640  635  644  657  762  747  770  753  794  949  880  1293 1340 1325 1300 1307 1264 1313 1258 1215 58
280  7    340  331  342  365  398  403  416  405  432  457  448  1593 506  471  508  575  534  579  662  729  744  731  764  779  878  809  1278 1339 1282 1299 1306 1329 1312 1327 1226 1177 1224 961
83   302  281  318  367  402  369  408  377  438  415  436  461  456  493  512  529  510  641  634  643  664  763  748  769  752  793  948  881  1292 1343 1330 1341 1324 1265 1314 1257 1214 57   1176
8    279  262  341  330  375  366  417  406  431  458  447  494  505  1592 537  574  535  580  663  728  743  732  765  780  877  810  1277 946  1283 1338 1317 1344 1315 1328 1227 1178 1225 962  1181
261  84   301  282  319  370  407  376  439  426  437  460  515  538  513  528  1591 572  633  642  665  766  749  768  751  792  947  882  1275 1348 1291 1342 1331 1266 1323 1256 1213 1180 1175 56
266  9    278  263  374  329  418  371  430  459  446  495  504  527  540  573  536  581  1590 727  742  733  790  781  876  811  1276 945  1284 1337 1318 1347 1316 1345 1246 1179 1228 1135 1182 963
85   260  265  300  283  320  373  440  425  442  427  516  539  514  567  582  571  632  679  666  1589 740  767  750  791  874  883  1274 1351 1290 1349 1332 1267 1322 1255 1212 1245 1174 55   1134
10   267  248  277  264  419  328  429  372  445  496  503  526  541  570  631  678  667  726  741  734  789  782  875  812  937  944  1285 1336 1319 1354 1321 1346 1247 1268 1229 1136 1183 964  1139
247  86   259  284  299  286  321  424  441  428  443  498  517  566  583  568  669  680  735  784  739  1588 813  938  873  884  1273 1352 1289 1350 1335 1270 1333 1254 1211 1244 1173 1138 1133 54
234  11   268  249  276  323  420  327  444  497  502  525  542  569  564  677  630  725  668  815  788  783  826  885  936  943  1286 1411 1272 1353 1320 1355 1248 1269 1230 1137 1184 1103 1140 965
87   246  235  258  285  298  287  322  423  520  499  518  565  584  593  670  681  736  785  738  825  814  1587 872  939  1410 941  1288 1417 1412 1271 1334 1253 1210 1243 1172 1167 1132 53   1102
12   233  212  269  250  275  324  421  326  501  524  543  592  563  676  629  724  697  816  787  870  827  886  935  942  1287 1418 1423 1414 1251 1356 1249 1170 1231 1168 1185 1104 1141 966  1107
211  88   245  236  257  288  297  290  521  422  519  500  585  594  671  682  699  786  737  824  887  902  871  1586 1409 940  1431 1416 1419 1422 1413 1252 1209 1242 1171 1166 1131 1106 1101 52
194  13   232  213  270  251  274  325  296  523  544  591  562  675  628  723  696  817  698  869  828  1389 934  901  1438 1433 1424 1421 1428 1415 1250 1357 1232 1169 1186 1105 1142 1057 1108 967
89   210  193  244  237  256  289  522  291  554  295  586  595  672  683  700  705  722  823  888  903  900  1435 1408 1585 1430 1439 1432 1425 1420 1427 1236 1241 1208 1165 1130 1125 1100 51   1056
14   195  214  231  216  271  252  273  254  545  590  561  674  627  706  695  818  701  868  829  1388 933  1390 1437 1434 1443 1584 1429 1440 1235 1358 1233 1128 1187 1126 1143 1058 1109 968  1061
197  90   209  192  243  238  255  292  553  294  555  596  587  684  673  704  721  822  889  904  899  1436 1407 1444 1473 1460 1471 1442 1497 1426 1237 1240 1207 1164 1129 1124 1099 1060 1055 50
180  15   196  215  230  217  272  253  546  589  560  685  626  707  694  819  702  867  830  1387 932  1391 1462 1459 1470 1499 1496 1583 1238 1441 1234 1359 1188 1127 1144 1059 1110 1039 1062 969
91   198  181  208  191  242  239  552  293  556  597  588  687  718  703  720  821  890  905  898  1385 1406 1445 1474 1461 1472 1501 1498 1529 1520 1239 1206 1163 1190 1123 1098 1093 1054 49   1038
16   179  170  199  218  229  220  547  240  559  686  625  708  693  820  891  866  831  1386 931  1392 1463 1458 1469 1500 1495 1582 1521 1518 1205 1360 1189 1096 1145 1094 1111 1040 1063 970  1043
169  92   201  182  207  190  241  228  551  598  557  688  717  834  719  832  915  906  897  1384 1405 1446 1475 1466 1515 1502 1517 1530 1525 1528 1519 1162 1191 1122 1097 1092 1053 1042 1037 48
174  17   178  171  200  219  548  221  558  227  624  709  692  715  892  865  896  913  930  1393 1464 1457 1468 1503 1494 1581 1524 1527 1522 1363 1204 1361 1146 1095 1112 1041 1064 1005 1044 971
93   168  173  202  183  206  189  550  599  604  689  716  835  850  833  914  907  916  1383 1404 1447 1476 1465 1514 1467 1516 1533 1548 1531 1526 1161 1192 1121 1148 1091 1052 1081 1036 47   1004
18   175  124  177  172  549  222  603  226  623  710  691  714  893  864  895  912  929  1394 1381 1456 1491 1504 1493 1580 1549 1546 1523 1364 1203 1362 1147 1090 1113 1082 1065 1006 1045 972  1009
123  94   167  184  203  188  205  600  605  690  619  836  849  842  851  908  917  1382 1403 1448 1477 1454 1513 1556 1545 1534 1553 1532 1547 1160 1193 1120 1149 1078 1051 1080 1035 1008 1003 46
116  19   176  125  166  223  602  225  620  711  622  713  844  863  894  911  928  1395 1380 1455 1490 1505 1492 1579 1552 1555 1550 1367 1202 1365 1158 1089 1114 1083 1066 1007 1046 985  1010 973
95   122  117  164  185  204  187  606  601  618  837  848  841  852  843  918  909  1402 1449 1478 1453 1512 1557 1544 1573 1560 1535 1554 1159 1194 1119 1150 1077 1050 1079 1034 1021 1002 45   986
20   115  110  121  126  165  224  617  612  621  712  845  862  847  910  927  1396 1379 1400 1487 1506 1489 1578 1565 1558 1551 1368 1201 1366 1157 1088 1115 1084 1067 1022 1047 984  1011 974  1001
109  96   127  118  163  186  159  138  607  838  615  840  853  926  919  1378 1401 1450 1479 1452 1511 1570 1543 1574 1561 1572 1559 1536 1195 1118 1151 1074 1049 1076 1033 1018 999  1020 987  44
114  21   120  111  132  137  162  611  616  613  154  859  846  861  854  1397 924  1399 1486 1507 1488 1577 1566 1571 1564 1541 1200 1369 1156 1087 1116 1085 1068 1025 1048 1023 1012 983  1000 975
97   108  113  128  119  160  133  158  139  608  839  614  153  858  925  920  1377 1480 1451 1482 1567 1510 1569 1542 1575 1562 1537 1196 1117 1152 1073 1026 1075 1032 1017 998  1019 988  43   982
22   103  100  107  112  131  136  161  610  155  142  149  860  147  152  855  1398 923  1374 1485 1508 1483 1576 1563 1540 1199 1370 1155 1072 1029 1086 1069 1016 993  1024 1013 980  997  976  989
101  98   105  24   129  134  157  26   143  140  609  28   145  150  857  30   921  1376 1481 32   1373 1568 1509 34   1371 1538 1197 36   1153 1070 1027 38   1031 1014 995  40   991  978  981  42
104  23   102  99   106  25   130  135  156  27   144  141  148  29   146  151  856  31   922  1375 1484 33   1372 1539 1198 35   1154 1071 1028 37   1030 1015 994  39   992  979  996  41   990  977

Knights tour with 0 backtracking moves
1    306  3    308  1599 314  77   336  357  350  75   352  359  382  73   392  389  452  71   466  475  480  69   478  487  648  67   650  653  756  65   774  805  798  63   800  957  954  61   1218
4    309  1600 313  78   335  1598 347  76   353  358  381  74   391  388  451  72   465  474  481  70   477  486  647  68   651  654  757  66   773  806  797  64   801  1296 953  62   1219 958  955
305  2    307  334  315  346  337  356  349  380  351  360  383  412  393  390  453  482  467  476  485  638  479  488  659  758  649  652  755  796  775  804  1295 952  799  1260 1303 956  1217 60
310  5    312  79   338  363  348  1597 354  361  384  411  394  387  450  469  464  473  484  577  532  489  660  637  646  655  760  777  772  807  1280 951  802  1297 1302 1309 1220 1261 1222 959
81   304  333  316  345  400  355  362  379  1596 395  386  413  434  463  454  483  468  531  490  639  636  645  658  759  746  771  754  795  776  803  1294 1301 1308 1263 1304 1259 1310 59   1216
6    311  80   339  332  343  364  397  404  385  410  433  1594 449  470  507  472  491  576  533  578  661  730  745  656  761  778  879  808  1279 950  1281 1298 1305 1326 1311 1262 1221 960  1223
303  82   317  344  399  368  401  378  409  396  1595 414  435  462  455  492  511  530  509  640  635  644  657  762  747  770  753  794  949  880  1293 1340 1325 1300 1307 1264 1313 1258 1215 58
280  7    340  331  342  365  398  403  416  405  432  457  448  1593 506  471  508  575  534  579  662  729  744  731  764  779  878  809  1278 1339 1282 1299 1306 1329 1312 1327 1226 1177 1224 961
83   302  281  318  367  402  369  408  377  438  415  436  461  456  493  512  529  510  641  634  643  664  763  748  769  752  793  948  881  1292 1343 1330 1341 1324 1265 1314 1257 1214 57   1176
8    279  262  341  330  375  366  417  406  431  458  447  494  505  1592 537  574  535  580  663  728  743  732  765  780  877  810  1277 946  1283 1338 1317 1344 1315 1328 1227 1178 1225 962  1181
261  84   301  282  319  370  407  376  439  426  437  460  515  538  513  528  1591 572  633  642  665  766  749  768  751  792  947  882  1275 1348 1291 1342 1331 1266 1323 1256 1213 1180 1175 56
266  9    278  263  374  329  418  371  430  459  446  495  504  527  540  573  536  581  1590 727  742  733  790  781  876  811  1276 945  1284 1337 1318 1347 1316 1345 1246 1179 1228 1135 1182 963
85   260  265  300  283  320  373  440  425  442  427  516  539  514  567  582  571  632  679  666  1589 740  767  750  791  874  883  1274 1351 1290 1349 1332 1267 1322 1255 1212 1245 1174 55   1134
10   267  248  277  264  419  328  429  372  445  496  503  526  541  570  631  678  667  726  741  734  789  782  875  812  937  944  1285 1336 1319 1354 1321 1346 1247 1268 1229 1136 1183 964  1139
247  86   259  284  299  286  321  424  441  428  443  498  517  566  583  568  669  680  735  784  739  1588 813  938  873  884  1273 1352 1289 1350 1335 1270 1333 1254 1211 1244 1173 1138 1133 54
234  11   268  249  276  323  420  327  444  497  502  525  542  569  564  677  630  725  668  815  788  783  826  885  936  943  1286 1411 1272 1353 1320 1355 1248 1269 1230 1137 1184 1103 1140 965
87   246  235  258  285  298  287  322  423  520  499  518  565  584  593  670  681  736  785  738  825  814  1587 872  939  1410 941  1288 1417 1412 1271 1334 1253 1210 1243 1172 1167 1132 53   1102
12   233  212  269  250  275  324  421  326  501  524  543  592  563  676  629  724  697  816  787  870  827  886  935  942  1287 1418 1423 1414 1251 1356 1249 1170 1231 1168 1185 1104 1141 966  1107
211  88   245  236  257  288  297  290  521  422  519  500  585  594  671  682  699  786  737  824  887  902  871  1586 1409 940  1431 1416 1419 1422 1413 1252 1209 1242 1171 1166 1131 1106 1101 52
194  13   232  213  270  251  274  325  296  523  544  591  562  675  628  723  696  817  698  869  828  1389 934  901  1438 1433 1424 1421 1428 1415 1250 1357 1232 1169 1186 1105 1142 1057 1108 967
89   210  193  244  237  256  289  522  291  554  295  586  595  672  683  700  705  722  823  888  903  900  1435 1408 1585 1430 1439 1432 1425 1420 1427 1236 1241 1208 1165 1130 1125 1100 51   1056
14   195  214  231  216  271  252  273  254  545  590  561  674  627  706  695  818  701  868  829  1388 933  1390 1437 1434 1443 1584 1429 1440 1235 1358 1233 1128 1187 1126 1143 1058 1109 968  1061
197  90   209  192  243  238  255  292  553  294  555  596  587  684  673  704  721  822  889  904  899  1436 1407 1444 1473 1460 1471 1442 1497 1426 1237 1240 1207 1164 1129 1124 1099 1060 1055 50
180  15   196  215  230  217  272  253  546  589  560  685  626  707  694  819  702  867  830  1387 932  1391 1462 1459 1470 1499 1496 1583 1238 1441 1234 1359 1188 1127 1144 1059 1110 1039 1062 969
91   198  181  208  191  242  239  552  293  556  597  588  687  718  703  720  821  890  905  898  1385 1406 1445 1474 1461 1472 1501 1498 1529 1520 1239 1206 1163 1190 1123 1098 1093 1054 49   1038
16   179  170  199  218  229  220  547  240  559  686  625  708  693  820  891  866  831  1386 931  1392 1463 1458 1469 1500 1495 1582 1521 1518 1205 1360 1189 1096 1145 1094 1111 1040 1063 970  1043
169  92   201  182  207  190  241  228  551  598  557  688  717  834  719  832  915  906  897  1384 1405 1446 1475 1466 1515 1502 1517 1530 1525 1528 1519 1162 1191 1122 1097 1092 1053 1042 1037 48
174  17   178  171  200  219  548  221  558  227  624  709  692  715  892  865  896  913  930  1393 1464 1457 1468 1503 1494 1581 1524 1527 1522 1363 1204 1361 1146 1095 1112 1041 1064 1005 1044 971
93   168  173  202  183  206  189  550  599  604  689  716  835  850  833  914  907  916  1383 1404 1447 1476 1465 1514 1467 1516 1533 1548 1531 1526 1161 1192 1121 1148 1091 1052 1081 1036 47   1004
18   175  124  177  172  549  222  603  226  623  710  691  714  893  864  895  912  929  1394 1381 1456 1491 1504 1493 1580 1549 1546 1523 1364 1203 1362 1147 1090 1113 1082 1065 1006 1045 972  1009
123  94   167  184  203  188  205  600  605  690  619  836  849  842  851  908  917  1382 1403 1448 1477 1454 1513 1556 1545 1534 1553 1532 1547 1160 1193 1120 1149 1078 1051 1080 1035 1008 1003 46
116  19   176  125  166  223  602  225  620  711  622  713  844  863  894  911  928  1395 1380 1455 1490 1505 1492 1579 1552 1555 1550 1367 1202 1365 1158 1089 1114 1083 1066 1007 1046 985  1010 973
95   122  117  164  185  204  187  606  601  618  837  848  841  852  843  918  909  1402 1449 1478 1453 1512 1557 1544 1577 1560 1535 1554 1159 1194 1119 1150 1077 1050 1079 1034 1021 1002 45   986
20   115  110  121  126  165  224  617  612  621  712  845  862  847  910  927  1396 1379 1400 1487 1506 1489 1578 1565 1558 1551 1368 1201 1366 1157 1088 1115 1084 1067 1022 1047 984  1011 974  1001
109  96   127  118  163  186  159  138  607  838  615  840  853  926  919  1378 1401 1450 1479 1452 1511 1570 1543 1576 1561 1572 1559 1536 1195 1118 1151 1074 1049 1076 1033 1018 999  1020 987  44
114  21   120  111  132  137  162  611  616  613  154  859  846  861  854  1397 924  1399 1486 1507 1488 1575 1566 1571 1564 1541 1200 1369 1156 1087 1116 1085 1068 1025 1048 1023 1012 983  1000 975
97   108  113  128  119  160  133  158  139  608  839  614  153  858  925  920  1377 1480 1451 1482 1567 1510 1569 1542 1573 1562 1537 1196 1117 1152 1073 1026 1075 1032 1017 998  1019 988  43   982
22   103  100  107  112  131  136  161  610  155  142  149  860  147  152  855  1398 923  1374 1485 1508 1483 1574 1563 1540 1199 1370 1155 1072 1029 1086 1069 1016 993  1024 1013 980  997  976  989
101  98   105  24   129  134  157  26   143  140  609  28   145  150  857  30   921  1376 1481 32   1373 1568 1509 34   1371 1538 1197 36   1153 1070 1027 38   1031 1014 995  40   991  978  981  42
104  23   102  99   106  25   130  135  156  27   144  141  148  29   146  151  856  31   922  1375 1484 33   1372 1539 1198 35   1154 1071 1028 37   1030 1015 994  39   992  979  996  41   990  977
