
Jules's Strictness Analyser, version 0.400
Copyright (c) Julian Seward 1992
Read 9 lattice sizes.


=============
=== Input ===
=============

list a ::= Nil  |
           Cons a (list a);

;;

let
  _lid = \l -> case l of
                 Nil  -> l;
                 Cons x xs -> l
               end
in letrec
  _foldr44 = \f a l -> case l of
                         Nil  -> a;
                         Cons x xs -> f (_lid x) (_lid (_foldr44 f a xs))
                       end
in letrec
  _append = \l1 l2 -> case l1 of
                        Cons x xs -> Cons x (_append xs l2);
                        Nil  -> l2
                      end
in let
  _concat44 = \ -> _foldr44 _append Nil
in 42


=============
=== Types ===
=============

   _lid ::                   (list a) ->  (list a)
   _foldr44 ::               ( (list a) ->  (list b) ->  (list b)) ->  (list b) ->  (list (list a)) ->  (list b)
   _append ::                (list a) ->  (list a) ->  (list a)
   _concat44 ::              (list (list a)) ->  (list a)
   Nil ::                    (list a)
   Cons ::                   a ->  (list a) ->  (list a)
   True ::                   bool
   False ::                  bool


================
=== Settings ===
================

Scaleup ratio = 20/10
Lower lattice size limit = 0
Upper lattice size limit = 1000000
Polymorphic generalisation limit = 10000


==================
=== Strictness ===
==================

Domains for "_lid" are
       2   [Two]
       4   [Lift2 [Two]]

Evaluated at size       2 using    4 evals safe "_lid"
Evaluated at size       2 using    4 evals live "_lid"
Evaluated at size       4 using    2 evals safe "_lid"
Evaluated at size       4 using    2 evals live "_lid"

Function "_lid" has input domains:
   1) {0 1 2 3}
   and output domain
      {0 1 2 3}

   Output  |  Lower frontier
   --------+----------------
       3   |  3
       2   |  2
       1   |  1
       0   |  0



Domains for "_foldr44" are
       8   [Two,Two,Two]
      24   [Func [Two,Two] Two,Two,Two]
     200   [Func [Two,Two] (Lift2 [Two]),Two,Two]
    1960   [Func [Two,Lift2 [Two]] (Lift2 [Two]),Two,Two]
   98784   [Func [Lift2 [Two],Lift2 [Two]] (Lift2 [Two]),Two,Two]
  197568   [Func [Lift2 [Two],Lift2 [Two]] (Lift2 [Two]),Two,Lift2 [Two]]
  296352   [Func [Lift2 [Two],Lift2 [Two]] (Lift2 [Two]),Two,Lift2 [Lift2 [Two]]]
  592704   [Func [Lift2 [Two],Lift2 [Two]] (Lift2 [Two]),Lift2 [Two],Lift2 [Lift2 [Two]]]

Evaluated at size       8 using   11 evals live "_foldr44"
Evaluated at size       8 using   11 evals live "_foldr44"
Evaluated at size       8 using   11 evals safe "_foldr44"
Evaluated at size      24 using    6 evals live "_foldr44"
Evaluated at size      24 using    3 evals live "_foldr44"
Evaluated at size      24 using    3 evals safe "_foldr44"
Evaluated at size     200 using   12 evals live "_foldr44"
Evaluated at size     200 using    2 evals live "_foldr44"
Evaluated at size     200 using   10 evals safe "_foldr44"
Evaluated at size     200 using    2 evals safe "_foldr44"
Evaluated at size    1960 using   29 evals live "_foldr44"
Evaluated at size    1960 using    8 evals live "_foldr44"
Evaluated at size    1960 using    3 evals live "_foldr44"
Evaluated at size    1960 using    3 evals safe "_foldr44"
Evaluated at size   98784 using    0 evals live "_foldr44"
Evaluated at size   98784 using    0 evals safe "_foldr44"
Evaluated at size  197568 using  253 evals live "_foldr44"
Evaluated at size  197568 using  105 evals live "_foldr44"
Evaluated at size  197568 using   38 evals live "_foldr44"
Evaluated at size  197568 using   12 evals live "_foldr44"
Evaluated at size  197568 using   12 evals safe "_foldr44"
Evaluated at size  296352 using  145 evals live "_foldr44"
Evaluated at size  296352 using   96 evals live "_foldr44"
Evaluated at size  296352 using   17 evals live "_foldr44"
Evaluated at size  296352 using   12 evals live "_foldr44"
Evaluated at size  296352 using   12 evals safe "_foldr44"
Evaluated at size  592704 using   22 evals live "_foldr44"
Evaluated at size  592704 using  772 evals live "_foldr44"
Evaluated at size  592704 using  609 evals live "_foldr44"
Evaluated at size  592704 using  232 evals live "_foldr44"
Evaluated at size  592704 using   54 evals live "_foldr44"
Evaluated at size  592704 using   19 evals live "_foldr44"
Evaluated at size  592704 using   15 evals live "_foldr44"
Evaluated at size  592704 using   15 evals safe "_foldr44"

Function "_foldr44" has input domains:
   1) Func [Lift2 [Two],Lift2 [Two]] (Lift2 [Two])
   2) Lift2 [Two]
   3) Lift2 [Lift2 [Two]]
   and output domain
      Lift2 [Two]

with value:

Rep2 (Min1Max0 3 [MkFrel [Rep (Rep2 (Min1Max0 2 [] [MkFrel [UpUp2 [One],UpUp2 [One]]]) (Min1Max0 2 [] [MkFrel [UpUp2 [One],UpUp2 [One]]]) [RepTwo (Min1Max0 2 [] [MkFrel [UpUp2 [One],UpUp2 [One]]])]),Up2,UpUp2 [UpUp2 [One]]],MkFrel [Rep (Rep2 (Min1Max0 2 [MkFrel [Stop2,Up2]] [MkFrel [UpUp2 [One],Stop2]]) (Min1Max0 2 [] [MkFrel [UpUp2 [One],UpUp2 [One]]]) [RepTwo (Min1Max0 2 [] [MkFrel [UpUp2 [One],UpUp2 [One]]])]),Up2,UpUp2 [Stop2]],MkFrel [Rep (Rep2 (Min1Max0 2 [MkFrel [Stop2,UpUp2 [Zero]]] [MkFrel [UpUp2 [One],Up2]]) (Min1Max0 2 [] [MkFrel [UpUp2 [One],UpUp2 [One]]]) [RepTwo (Min1Max0 2 [] [MkFrel [UpUp2 [One],UpUp2 [One]]])]),UpUp2 [Zero],UpUp2 [Stop2]],MkFrel [Rep (Rep2 (Min1Max0 2 [MkFrel [Stop2,UpUp2 [Zero]],MkFrel [UpUp2 [One],Up2]] [MkFrel [UpUp2 [Zero],Up2],MkFrel [UpUp2 [One],Stop2]]) (Min1Max0 2 [MkFrel [UpUp2 [One],Up2]] [MkFrel [UpUp2 [Zero],UpUp2 [One]],MkFrel [UpUp2 [One],Stop2]]) [RepTwo (Min1Max0 2 [] [MkFrel [UpUp2 [One],UpUp2 [One]]])]),Up2,UpUp2 [Stop2]],MkFrel [Rep (Rep2 (Min1Max0 2 [MkFrel [Stop2,UpUp2 [One]]] [MkFrel [UpUp2 [One],UpUp2 [Zero]]]) (Min1Max0 2 [] [MkFrel [UpUp2 [One],UpUp2 [One]]]) [RepTwo (Min1Max0 2 [] [MkFrel [UpUp2 [One],UpUp2 [One]]])]),UpUp2 [One],UpUp2 [Stop2]],MkFrel [Rep (Rep2 (Min1Max0 2 [MkFrel [Stop2,UpUp2 [One]],MkFrel [UpUp2 [One],Up2]] [MkFrel [UpUp2 [Zero],UpUp2 [Zero]],MkFrel [UpUp2 [One],Stop2]]) (Min1Max0 2 [MkFrel [UpUp2 [One],Up2]] [MkFrel [UpUp2 [Zero],UpUp2 [One]],MkFrel [UpUp2 [One],Stop2]]) [RepTwo (Min1Max0 2 [MkFrel [UpUp2 [One],UpUp2 [Zero]]] [MkFrel [UpUp2 [Zero],UpUp2 [One]],MkFrel [UpUp2 [One],Up2]])]),Up2,UpUp2 [Stop2]],MkFrel [Rep (Rep2 (Min1Max0 2 [MkFrel [Stop2,UpUp2 [One]],MkFrel [UpUp2 [One],UpUp2 [Zero]]] [MkFrel [UpUp2 [Zero],UpUp2 [Zero]],MkFrel [UpUp2 [One],Up2]]) (Min1Max0 2 [MkFrel [UpUp2 [One],UpUp2 [Zero]]] [MkFrel [UpUp2 [Zero],UpUp2 [One]],MkFrel [UpUp2 [One],Up2]]) [RepTwo (Min1Max0 2 [MkFrel [UpUp2 [One],UpUp2 [Zero]]] [MkFrel [UpUp2 [Zero],UpUp2 [One]],MkFrel [UpUp2 [One],Up2]])]),UpUp2 [Zero],UpUp2 [Stop2]],MkFrel [Rep (Rep2 (Min1Max0 2 [MkFrel [Up2,Up2]] [MkFrel [Stop2,UpUp2 [One]],MkFrel [UpUp2 [One],Stop2]]) (Min1Max0 2 [] [MkFrel [UpUp2 [One],UpUp2 [One]]]) [RepTwo (Min1Max0 2 [] [MkFrel [UpUp2 [One],UpUp2 [One]]])]),Up2,UpUp2 [Up2]],MkFrel [Rep (Rep2 (Min1Max0 2 [MkFrel [Up2,UpUp2 [Zero]]] [MkFrel [Stop2,UpUp2 [One]],MkFrel [UpUp2 [One],Up2]]) (Min1Max0 2 [] [MkFrel [UpUp2 [One],UpUp2 [One]]]) [RepTwo (Min1Max0 2 [] [MkFrel [UpUp2 [One],UpUp2 [One]]])]),UpUp2 [Zero],UpUp2 [Up2]],MkFrel [Rep (Rep2 (Min1Max0 2 [MkFrel [Up2,UpUp2 [Zero]],MkFrel [UpUp2 [One],Up2]] [MkFrel [Stop2,UpUp2 [One]],MkFrel [UpUp2 [Zero],Up2],MkFrel [UpUp2 [One],Stop2]]) (Min1Max0 2 [MkFrel [UpUp2 [One],Up2]] [MkFrel [UpUp2 [Zero],UpUp2 [One]],MkFrel [UpUp2 [One],Stop2]]) [RepTwo (Min1Max0 2 [] [MkFrel [UpUp2 [One],UpUp2 [One]]])]),Up2,UpUp2 [Up2]],MkFrel [Rep (Rep2 (Min1Max0 2 [MkFrel [Up2,UpUp2 [One]]] [MkFrel [Stop2,UpUp2 [One]],MkFrel [UpUp2 [One],UpUp2 [Zero]]]) (Min1Max0 2 [] [MkFrel [UpUp2 [One],UpUp2 [One]]]) [RepTwo (Min1Max0 2 [] [MkFrel [UpUp2 [One],UpUp2 [One]]])]),UpUp2 [One],UpUp2 [Up2]],MkFrel [Rep (Rep2 (Min1Max0 2 [MkFrel [Up2,UpUp2 [One]],MkFrel [UpUp2 [One],Up2]] [MkFrel [Stop2,UpUp2 [One]],MkFrel [UpUp2 [Zero],UpUp2 [Zero]],MkFrel [UpUp2 [One],Stop2]]) (Min1Max0 2 [MkFrel [UpUp2 [One],Up2]] [MkFrel [UpUp2 [Zero],UpUp2 [One]],MkFrel [UpUp2 [One],Stop2]]) [RepTwo (Min1Max0 2 [MkFrel [UpUp2 [One],UpUp2 [Zero]]] [MkFrel [UpUp2 [Zero],UpUp2 [One]],MkFrel [UpUp2 [One],Up2]])]),Up2,UpUp2 [Up2]],MkFrel [Rep (Rep2 (Min1Max0 2 [MkFrel [Up2,UpUp2 [One]],MkFrel [UpUp2 [One],UpUp2 [Zero]]] [MkFrel [Stop2,UpUp2 [One]],MkFrel [UpUp2 [Zero],UpUp2 [Zero]],MkFrel [UpUp2 [One],Up2]]) (Min1Max0 2 [MkFrel [UpUp2 [One],UpUp2 [Zero]]] [MkFrel [UpUp2 [Zero],UpUp2 [One]],MkFrel [UpUp2 [One],Up2]]) [RepTwo (Min1Max0 2 [MkFrel [UpUp2 [One],UpUp2 [Zero]]] [MkFrel [UpUp2 [Zero],UpUp2 [One]],MkFrel [UpUp2 [One],Up2]])]),UpUp2 [Zero],UpUp2 [Up2]],MkFrel [Rep (Rep2 (Min1Max0 2 [MkFrel [UpUp2 [Zero],Up2]] [MkFrel [Up2,UpUp2 [One]],MkFrel [UpUp2 [One],Stop2]]) (Min1Max0 2 [] [MkFrel [UpUp2 [One],UpUp2 [One]]]) [RepTwo (Min1Max0 2 [] [MkFrel [UpUp2 [One],UpUp2 [One]]])]),Up2,UpUp2 [UpUp2 [Zero]]],MkFrel [Rep (Rep2 (Min1Max0 2 [MkFrel [UpUp2 [Zero],UpUp2 [Zero]]] [MkFrel [Up2,UpUp2 [One]],MkFrel [UpUp2 [One],Up2]]) (Min1Max0 2 [] [MkFrel [UpUp2 [One],UpUp2 [One]]]) [RepTwo (Min1Max0 2 [] [MkFrel [UpUp2 [One],UpUp2 [One]]])]),UpUp2 [Zero],UpUp2 [UpUp2 [Zero]]],MkFrel [Rep (Rep2 (Min1Max0 2 [MkFrel [UpUp2 [Zero],UpUp2 [Zero]],MkFrel [UpUp2 [One],Up2]] [MkFrel [Up2,UpUp2 [One]],MkFrel [UpUp2 [Zero],Up2],MkFrel [UpUp2 [One],Stop2]]) (Min1Max0 2 [MkFrel [UpUp2 [One],Up2]] [MkFrel [UpUp2 [Zero],UpUp2 [One]],MkFrel [UpUp2 [One],Stop2]]) [RepTwo (Min1Max0 2 [] [MkFrel [UpUp2 [One],UpUp2 [One]]])]),Up2,UpUp2 [UpUp2 [Zero]]],MkFrel [Rep (Rep2 (Min1Max0 2 [MkFrel [UpUp2 [Zero],UpUp2 [One]]] [MkFrel [Up2,UpUp2 [One]],MkFrel [UpUp2 [One],UpUp2 [Zero]]]) (Min1Max0 2 [] [MkFrel [UpUp2 [One],UpUp2 [One]]]) [RepTwo (Min1Max0 2 [] [MkFrel [UpUp2 [One],UpUp2 [One]]])]),UpUp2 [One],UpUp2 [UpUp2 [Zero]]],MkFrel [Rep (Rep2 (Min1Max0 2 [MkFrel [UpUp2 [Zero],UpUp2 [One]],MkFrel [UpUp2 [One],Up2]] [MkFrel [Up2,UpUp2 [One]],MkFrel [UpUp2 [Zero],UpUp2 [Zero]],MkFrel [UpUp2 [One],Stop2]]) (Min1Max0 2 [MkFrel [UpUp2 [One],Up2]] [MkFrel [UpUp2 [Zero],UpUp2 [One]],MkFrel [UpUp2 [One],Stop2]]) [RepTwo (Min1Max0 2 [MkFrel [UpUp2 [One],UpUp2 [Zero]]] [MkFrel [UpUp2 [Zero],UpUp2 [One]],MkFrel [UpUp2 [One],Up2]])]),Up2,UpUp2 [UpUp2 [Zero]]],MkFrel [Rep (Rep2 (Min1Max0 2 [MkFrel [UpUp2 [Zero],UpUp2 [One]],MkFrel [UpUp2 [One],UpUp2 [Zero]]] [MkFrel [Up2,UpUp2 [One]],MkFrel [UpUp2 [Zero],UpUp2 [Zero]],MkFrel [UpUp2 [One],Up2]]) (Min1Max0 2 [MkFrel [UpUp2 [One],UpUp2 [Zero]]] [MkFrel [UpUp2 [Zero],UpUp2 [One]],MkFrel [UpUp2 [One],Up2]]) [RepTwo (Min1Max0 2 [MkFrel [UpUp2 [One],UpUp2 [Zero]]] [MkFrel [UpUp2 [Zero],UpUp2 [One]],MkFrel [UpUp2 [One],Up2]])]),UpUp2 [Zero],UpUp2 [UpUp2 [Zero]]],MkFrel [Rep (Rep2 (Min1Max0 2 [MkFrel [UpUp2 [One],Stop2]] [MkFrel [UpUp2 [Zero],UpUp2 [One]]]) (Min1Max0 2 [] [MkFrel [UpUp2 [One],UpUp2 [One]]]) [RepTwo (Min1Max0 2 [] [MkFrel [UpUp2 [One],UpUp2 [One]]])]),Stop2,Up2]] [MkFrel [Rep (Rep2 (Min1Max0 2 [MkFrel [Stop2,Stop2]] []) (Min1Max0 2 [MkFrel [Stop2,Stop2]] []) [RepTwo (Min1Max0 2 [MkFrel [Stop2,Stop2]] [])]),UpUp2 [One],Stop2],MkFrel [Rep (Rep2 (Min1Max0 2 [MkFrel [Stop2,Up2]] [MkFrel [UpUp2 [One],Stop2]]) (Min1Max0 2 [MkFrel [Stop2,Up2]] [MkFrel [UpUp2 [One],Stop2]]) [RepTwo (Min1Max0 2 [MkFrel [Stop2,Up2]] [MkFrel [UpUp2 [One],Stop2]])]),Stop2,UpUp2 [UpUp2 [One]]],MkFrel [Rep (Rep2 (Min1Max0 2 [MkFrel [Stop2,Up2]] [MkFrel [UpUp2 [One],Stop2]]) (Min1Max0 2 [MkFrel [Stop2,Up2]] [MkFrel [UpUp2 [One],Stop2]]) [RepTwo (Min1Max0 2 [MkFrel [Stop2,Up2]] [MkFrel [UpUp2 [One],Stop2]])]),UpUp2 [One],Up2],MkFrel [Rep (Rep2 (Min1Max0 2 [MkFrel [Stop2,UpUp2 [Zero]],MkFrel [Up2,Up2]] [MkFrel [Stop2,Up2],MkFrel [UpUp2 [One],Stop2]]) (Min1Max0 2 [MkFrel [Stop2,UpUp2 [Zero]]] [MkFrel [UpUp2 [One],Up2]]) [RepTwo (Min1Max0 2 [MkFrel [Stop2,UpUp2 [Zero]]] [MkFrel [UpUp2 [One],Up2]])]),Up2,UpUp2 [Stop2]],MkFrel [Rep (Rep2 (Min1Max0 2 [MkFrel [Stop2,UpUp2 [Zero]],MkFrel [UpUp2 [Zero],Up2]] [MkFrel [Up2,Up2],MkFrel [UpUp2 [One],Stop2]]) (Min1Max0 2 [MkFrel [Stop2,UpUp2 [Zero]]] [MkFrel [UpUp2 [One],Up2]]) [RepTwo (Min1Max0 2 [MkFrel [Stop2,UpUp2 [Zero]]] [MkFrel [UpUp2 [One],Up2]])]),Up2,UpUp2 [Up2]],MkFrel [Rep (Rep2 (Min1Max0 2 [MkFrel [Stop2,UpUp2 [Zero]],MkFrel [UpUp2 [One],Up2]] [MkFrel [UpUp2 [Zero],Up2],MkFrel [UpUp2 [One],Stop2]]) (Min1Max0 2 [MkFrel [Stop2,UpUp2 [Zero]]] [MkFrel [UpUp2 [One],Up2]]) [RepTwo (Min1Max0 2 [MkFrel [Stop2,UpUp2 [Zero]]] [MkFrel [UpUp2 [One],Up2]])]),Up2,UpUp2 [UpUp2 [Zero]]],MkFrel [Rep (Rep2 (Min1Max0 2 [MkFrel [Stop2,UpUp2 [One]],MkFrel [Up2,Up2]] [MkFrel [Stop2,UpUp2 [Zero]],MkFrel [UpUp2 [One],Stop2]]) (Min1Max0 2 [MkFrel [Stop2,UpUp2 [One]],MkFrel [Up2,Up2]] [MkFrel [Stop2,UpUp2 [Zero]],MkFrel [UpUp2 [One],Stop2]]) [RepTwo (Min1Max0 2 [MkFrel [Stop2,UpUp2 [One]]] [MkFrel [UpUp2 [One],UpUp2 [Zero]]])]),UpUp2 [Zero],UpUp2 [Stop2]],MkFrel [Rep (Rep2 (Min1Max0 2 [MkFrel [Stop2,UpUp2 [One]],MkFrel [UpUp2 [Zero],Up2]] [MkFrel [Up2,UpUp2 [Zero]],MkFrel [UpUp2 [One],Stop2]]) (Min1Max0 2 [MkFrel [Stop2,UpUp2 [One]],MkFrel [UpUp2 [Zero],Up2]] [MkFrel [Up2,UpUp2 [Zero]],MkFrel [UpUp2 [One],Stop2]]) [RepTwo (Min1Max0 2 [MkFrel [Stop2,UpUp2 [One]]] [MkFrel [UpUp2 [One],UpUp2 [Zero]]])]),UpUp2 [Zero],UpUp2 [Up2]],MkFrel [Rep (Rep2 (Min1Max0 2 [MkFrel [Stop2,UpUp2 [One]],MkFrel [UpUp2 [One],Up2]] [MkFrel [UpUp2 [Zero],UpUp2 [Zero]],MkFrel [UpUp2 [One],Stop2]]) (Min1Max0 2 [MkFrel [Stop2,UpUp2 [One]],MkFrel [UpUp2 [One],Up2]] [MkFrel [UpUp2 [Zero],UpUp2 [Zero]],MkFrel [UpUp2 [One],Stop2]]) [RepTwo (Min1Max0 2 [MkFrel [Stop2,UpUp2 [One]]] [MkFrel [UpUp2 [One],UpUp2 [Zero]]])]),UpUp2 [Zero],UpUp2 [UpUp2 [Zero]]],MkFrel [Rep (Rep2 (Min1Max0 2 [MkFrel [Up2,Up2]] [MkFrel [Stop2,UpUp2 [One]],MkFrel [UpUp2 [One],Stop2]]) (Min1Max0 2 [MkFrel [Up2,Up2]] [MkFrel [Stop2,UpUp2 [One]],MkFrel [UpUp2 [One],Stop2]]) [RepTwo (Min1Max0 2 [MkFrel [Up2,Up2]] [MkFrel [Stop2,UpUp2 [One]],MkFrel [UpUp2 [One],Stop2]])]),UpUp2 [One],UpUp2 [Stop2]],MkFrel [Rep (Rep2 (Min1Max0 2 [MkFrel [UpUp2 [Zero],Up2]] [MkFrel [Up2,UpUp2 [One]],MkFrel [UpUp2 [One],Stop2]]) (Min1Max0 2 [MkFrel [UpUp2 [Zero],Up2]] [MkFrel [Up2,UpUp2 [One]],MkFrel [UpUp2 [One],Stop2]]) [RepTwo (Min1Max0 2 [MkFrel [UpUp2 [Zero],Up2]] [MkFrel [Up2,UpUp2 [One]],MkFrel [UpUp2 [One],Stop2]])]),UpUp2 [One],UpUp2 [Up2]],MkFrel [Rep (Rep2 (Min1Max0 2 [MkFrel [UpUp2 [One],Up2]] [MkFrel [UpUp2 [Zero],UpUp2 [One]],MkFrel [UpUp2 [One],Stop2]]) (Min1Max0 2 [MkFrel [UpUp2 [One],Up2]] [MkFrel [UpUp2 [Zero],UpUp2 [One]],MkFrel [UpUp2 [One],Stop2]]) [RepTwo (Min1Max0 2 [MkFrel [UpUp2 [One],Up2]] [MkFrel [UpUp2 [Zero],UpUp2 [One]],MkFrel [UpUp2 [One],Stop2]])]),UpUp2 [One],UpUp2 [UpUp2 [Zero]]]]) (Min1Max0 3 [MkFrel [Rep (Rep2 (Min1Max0 2 [] [MkFrel [UpUp2 [One],UpUp2 [One]]]) (Min1Max0 2 [] [MkFrel [UpUp2 [One],UpUp2 [One]]]) [RepTwo (Min1Max0 2 [] [MkFrel [UpUp2 [One],UpUp2 [One]]])]),UpUp2 [Zero],UpUp2 [UpUp2 [One]]],MkFrel [Rep (Rep2 (Min1Max0 2 [MkFrel [Stop2,UpUp2 [Zero]]] [MkFrel [UpUp2 [One],Up2]]) (Min1Max0 2 [MkFrel [Stop2,UpUp2 [Zero]]] [MkFrel [UpUp2 [One],Up2]]) [RepTwo (Min1Max0 2 [] [MkFrel [UpUp2 [One],UpUp2 [One]]])]),UpUp2 [Zero],UpUp2 [Stop2]],MkFrel [Rep (Rep2 (Min1Max0 2 [MkFrel [Stop2,UpUp2 [Zero]],MkFrel [UpUp2 [One],Up2]] [MkFrel [UpUp2 [Zero],Up2],MkFrel [UpUp2 [One],Stop2]]) (Min1Max0 2 [MkFrel [UpUp2 [One],Up2]] [MkFrel [UpUp2 [Zero],UpUp2 [One]],MkFrel [UpUp2 [One],Stop2]]) [RepTwo (Min1Max0 2 [] [MkFrel [UpUp2 [One],UpUp2 [One]]])]),Up2,UpUp2 [Stop2]],MkFrel [Rep (Rep2 (Min1Max0 2 [MkFrel [Stop2,UpUp2 [One]]] [MkFrel [UpUp2 [One],UpUp2 [Zero]]]) (Min1Max0 2 [MkFrel [Stop2,UpUp2 [One]]] [MkFrel [UpUp2 [One],UpUp2 [Zero]]]) [RepTwo (Min1Max0 2 [] [MkFrel [UpUp2 [One],UpUp2 [One]]])]),UpUp2 [One],UpUp2 [Stop2]],MkFrel [Rep (Rep2 (Min1Max0 2 [MkFrel [Stop2,UpUp2 [One]],MkFrel [UpUp2 [One],Up2]] [MkFrel [UpUp2 [Zero],UpUp2 [Zero]],MkFrel [UpUp2 [One],Stop2]]) (Min1Max0 2 [MkFrel [UpUp2 [One],Up2]] [MkFrel [UpUp2 [Zero],UpUp2 [One]],MkFrel [UpUp2 [One],Stop2]]) [RepTwo (Min1Max0 2 [] [MkFrel [UpUp2 [One],UpUp2 [One]]])]),UpUp2 [One],UpUp2 [Stop2]],MkFrel [Rep (Rep2 (Min1Max0 2 [MkFrel [Stop2,UpUp2 [One]],MkFrel [UpUp2 [One],Up2]] [MkFrel [UpUp2 [Zero],UpUp2 [Zero]],MkFrel [UpUp2 [One],Stop2]]) (Min1Max0 2 [MkFrel [UpUp2 [One],Up2]] [MkFrel [UpUp2 [Zero],UpUp2 [One]],MkFrel [UpUp2 [One],Stop2]]) [RepTwo (Min1Max0 2 [MkFrel [UpUp2 [One],UpUp2 [Zero]]] [MkFrel [UpUp2 [Zero],UpUp2 [One]],MkFrel [UpUp2 [One],Up2]])]),Up2,UpUp2 [Stop2]],MkFrel [Rep (Rep2 (Min1Max0 2 [MkFrel [Stop2,UpUp2 [One]],MkFrel [UpUp2 [One],UpUp2 [Zero]]] [MkFrel [UpUp2 [Zero],UpUp2 [Zero]],MkFrel [UpUp2 [One],Up2]]) (Min1Max0 2 [MkFrel [Stop2,UpUp2 [One]],MkFrel [UpUp2 [One],UpUp2 [Zero]]] [MkFrel [UpUp2 [Zero],UpUp2 [Zero]],MkFrel [UpUp2 [One],Up2]]) [RepTwo (Min1Max0 2 [MkFrel [UpUp2 [One],UpUp2 [Zero]]] [MkFrel [UpUp2 [Zero],UpUp2 [One]],MkFrel [UpUp2 [One],Up2]])]),UpUp2 [Zero],UpUp2 [Stop2]],MkFrel [Rep (Rep2 (Min1Max0 2 [MkFrel [Up2,UpUp2 [Zero]]] [MkFrel [Stop2,UpUp2 [One]],MkFrel [UpUp2 [One],Up2]]) (Min1Max0 2 [MkFrel [Up2,UpUp2 [Zero]]] [MkFrel [Stop2,UpUp2 [One]],MkFrel [UpUp2 [One],Up2]]) [RepTwo (Min1Max0 2 [] [MkFrel [UpUp2 [One],UpUp2 [One]]])]),UpUp2 [Zero],UpUp2 [Up2]],MkFrel [Rep (Rep2 (Min1Max0 2 [MkFrel [Up2,UpUp2 [Zero]],MkFrel [UpUp2 [One],Up2]] [MkFrel [Stop2,UpUp2 [One]],MkFrel [UpUp2 [Zero],Up2],MkFrel [UpUp2 [One],Stop2]]) (Min1Max0 2 [MkFrel [UpUp2 [One],Up2]] [MkFrel [UpUp2 [Zero],UpUp2 [One]],MkFrel [UpUp2 [One],Stop2]]) [RepTwo (Min1Max0 2 [] [MkFrel [UpUp2 [One],UpUp2 [One]]])]),Up2,UpUp2 [Up2]],MkFrel [Rep (Rep2 (Min1Max0 2 [MkFrel [Up2,UpUp2 [One]]] [MkFrel [Stop2,UpUp2 [One]],MkFrel [UpUp2 [One],UpUp2 [Zero]]]) (Min1Max0 2 [MkFrel [Up2,UpUp2 [One]]] [MkFrel [Stop2,UpUp2 [One]],MkFrel [UpUp2 [One],UpUp2 [Zero]]]) [RepTwo (Min1Max0 2 [] [MkFrel [UpUp2 [One],UpUp2 [One]]])]),UpUp2 [One],UpUp2 [Up2]],MkFrel [Rep (Rep2 (Min1Max0 2 [MkFrel [Up2,UpUp2 [One]],MkFrel [UpUp2 [One],Up2]] [MkFrel [Stop2,UpUp2 [One]],MkFrel [UpUp2 [Zero],UpUp2 [Zero]],MkFrel [UpUp2 [One],Stop2]]) (Min1Max0 2 [MkFrel [UpUp2 [One],Up2]] [MkFrel [UpUp2 [Zero],UpUp2 [One]],MkFrel [UpUp2 [One],Stop2]]) [RepTwo (Min1Max0 2 [] [MkFrel [UpUp2 [One],UpUp2 [One]]])]),UpUp2 [One],UpUp2 [Up2]],MkFrel [Rep (Rep2 (Min1Max0 2 [MkFrel [Up2,UpUp2 [One]],MkFrel [UpUp2 [One],Up2]] [MkFrel [Stop2,UpUp2 [One]],MkFrel [UpUp2 [Zero],UpUp2 [Zero]],MkFrel [UpUp2 [One],Stop2]]) (Min1Max0 2 [MkFrel [UpUp2 [One],Up2]] [MkFrel [UpUp2 [Zero],UpUp2 [One]],MkFrel [UpUp2 [One],Stop2]]) [RepTwo (Min1Max0 2 [MkFrel [UpUp2 [One],UpUp2 [Zero]]] [MkFrel [UpUp2 [Zero],UpUp2 [One]],MkFrel [UpUp2 [One],Up2]])]),Up2,UpUp2 [Up2]],MkFrel [Rep (Rep2 (Min1Max0 2 [MkFrel [Up2,UpUp2 [One]],MkFrel [UpUp2 [One],UpUp2 [Zero]]] [MkFrel [Stop2,UpUp2 [One]],MkFrel [UpUp2 [Zero],UpUp2 [Zero]],MkFrel [UpUp2 [One],Up2]]) (Min1Max0 2 [MkFrel [Up2,UpUp2 [One]],MkFrel [UpUp2 [One],UpUp2 [Zero]]] [MkFrel [Stop2,UpUp2 [One]],MkFrel [UpUp2 [Zero],UpUp2 [Zero]],MkFrel [UpUp2 [One],Up2]]) [RepTwo (Min1Max0 2 [MkFrel [UpUp2 [One],UpUp2 [Zero]]] [MkFrel [UpUp2 [Zero],UpUp2 [One]],MkFrel [UpUp2 [One],Up2]])]),UpUp2 [Zero],UpUp2 [Up2]],MkFrel [Rep (Rep2 (Min1Max0 2 [MkFrel [UpUp2 [Zero],UpUp2 [Zero]]] [MkFrel [Up2,UpUp2 [One]],MkFrel [UpUp2 [One],Up2]]) (Min1Max0 2 [MkFrel [UpUp2 [Zero],UpUp2 [Zero]]] [MkFrel [Up2,UpUp2 [One]],MkFrel [UpUp2 [One],Up2]]) [RepTwo (Min1Max0 2 [] [MkFrel [UpUp2 [One],UpUp2 [One]]])]),UpUp2 [Zero],UpUp2 [UpUp2 [Zero]]],MkFrel [Rep (Rep2 (Min1Max0 2 [MkFrel [UpUp2 [Zero],UpUp2 [Zero]],MkFrel [UpUp2 [One],Up2]] [MkFrel [Up2,UpUp2 [One]],MkFrel [UpUp2 [Zero],Up2],MkFrel [UpUp2 [One],Stop2]]) (Min1Max0 2 [MkFrel [UpUp2 [One],Up2]] [MkFrel [UpUp2 [Zero],UpUp2 [One]],MkFrel [UpUp2 [One],Stop2]]) [RepTwo (Min1Max0 2 [] [MkFrel [UpUp2 [One],UpUp2 [One]]])]),Up2,UpUp2 [UpUp2 [Zero]]],MkFrel [Rep (Rep2 (Min1Max0 2 [MkFrel [UpUp2 [Zero],UpUp2 [One]]] [MkFrel [Up2,UpUp2 [One]],MkFrel [UpUp2 [One],UpUp2 [Zero]]]) (Min1Max0 2 [MkFrel [UpUp2 [Zero],UpUp2 [One]]] [MkFrel [Up2,UpUp2 [One]],MkFrel [UpUp2 [One],UpUp2 [Zero]]]) [RepTwo (Min1Max0 2 [] [MkFrel [UpUp2 [One],UpUp2 [One]]])]),UpUp2 [One],UpUp2 [UpUp2 [Zero]]],MkFrel [Rep (Rep2 (Min1Max0 2 [MkFrel [UpUp2 [Zero],UpUp2 [One]],MkFrel [UpUp2 [One],Up2]] [MkFrel [Up2,UpUp2 [One]],MkFrel [UpUp2 [Zero],UpUp2 [Zero]],MkFrel [UpUp2 [One],Stop2]]) (Min1Max0 2 [MkFrel [UpUp2 [One],Up2]] [MkFrel [UpUp2 [Zero],UpUp2 [One]],MkFrel [UpUp2 [One],Stop2]]) [RepTwo (Min1Max0 2 [] [MkFrel [UpUp2 [One],UpUp2 [One]]])]),UpUp2 [One],UpUp2 [UpUp2 [Zero]]],MkFrel [Rep (Rep2 (Min1Max0 2 [MkFrel [UpUp2 [Zero],UpUp2 [One]],MkFrel [UpUp2 [One],Up2]] [MkFrel [Up2,UpUp2 [One]],MkFrel [UpUp2 [Zero],UpUp2 [Zero]],MkFrel [UpUp2 [One],Stop2]]) (Min1Max0 2 [MkFrel [UpUp2 [One],Up2]] [MkFrel [UpUp2 [Zero],UpUp2 [One]],MkFrel [UpUp2 [One],Stop2]]) [RepTwo (Min1Max0 2 [MkFrel [UpUp2 [One],UpUp2 [Zero]]] [MkFrel [UpUp2 [Zero],UpUp2 [One]],MkFrel [UpUp2 [One],Up2]])]),Up2,UpUp2 [UpUp2 [Zero]]],MkFrel [Rep (Rep2 (Min1Max0 2 [MkFrel [UpUp2 [Zero],UpUp2 [One]],MkFrel [UpUp2 [One],UpUp2 [Zero]]] [MkFrel [Up2,UpUp2 [One]],MkFrel [UpUp2 [Zero],UpUp2 [Zero]],MkFrel [UpUp2 [One],Up2]]) (Min1Max0 2 [MkFrel [UpUp2 [Zero],UpUp2 [One]],MkFrel [UpUp2 [One],UpUp2 [Zero]]] [MkFrel [Up2,UpUp2 [One]],MkFrel [UpUp2 [Zero],UpUp2 [Zero]],MkFrel [UpUp2 [One],Up2]]) [RepTwo (Min1Max0 2 [MkFrel [UpUp2 [One],UpUp2 [Zero]]] [MkFrel [UpUp2 [Zero],UpUp2 [One]],MkFrel [UpUp2 [One],Up2]])]),UpUp2 [Zero],UpUp2 [UpUp2 [Zero]]],MkFrel [Rep (Rep2 (Min1Max0 2 [MkFrel [UpUp2 [One],Stop2]] [MkFrel [UpUp2 [Zero],UpUp2 [One]]]) (Min1Max0 2 [MkFrel [UpUp2 [One],Up2]] [MkFrel [UpUp2 [Zero],UpUp2 [One]],MkFrel [UpUp2 [One],Stop2]]) [RepTwo (Min1Max0 2 [] [MkFrel [UpUp2 [One],UpUp2 [One]]])]),Stop2,Up2],MkFrel [Rep (Rep2 (Min1Max0 2 [MkFrel [UpUp2 [One],Up2]] [MkFrel [UpUp2 [Zero],UpUp2 [One]],MkFrel [UpUp2 [One],Stop2]]) (Min1Max0 2 [MkFrel [UpUp2 [One],Up2]] [MkFrel [UpUp2 [Zero],UpUp2 [One]],MkFrel [UpUp2 [One],Stop2]]) [RepTwo (Min1Max0 2 [] [MkFrel [UpUp2 [One],UpUp2 [One]]])]),Up2,UpUp2 [UpUp2 [One]]]] [MkFrel [Rep (Rep2 (Min1Max0 2 [MkFrel [Stop2,Stop2]] []) (Min1Max0 2 [MkFrel [Stop2,Stop2]] []) [RepTwo (Min1Max0 2 [MkFrel [Stop2,Stop2]] [])]),UpUp2 [One],Stop2],MkFrel [Rep (Rep2 (Min1Max0 2 [MkFrel [Stop2,Stop2]] []) (Min1Max0 2 [MkFrel [Stop2,UpUp2 [Zero]]] [MkFrel [UpUp2 [One],Up2]]) [RepTwo (Min1Max0 2 [MkFrel [Stop2,UpUp2 [Zero]]] [MkFrel [UpUp2 [One],Up2]])]),Up2,UpUp2 [UpUp2 [One]]],MkFrel [Rep (Rep2 (Min1Max0 2 [MkFrel [Stop2,Stop2]] []) (Min1Max0 2 [MkFrel [Stop2,UpUp2 [Zero]]] [MkFrel [UpUp2 [One],Up2]]) [RepTwo (Min1Max0 2 [MkFrel [Stop2,UpUp2 [Zero]]] [MkFrel [UpUp2 [One],Up2]])]),UpUp2 [One],Up2],MkFrel [Rep (Rep2 (Min1Max0 2 [MkFrel [Stop2,Stop2]] []) (Min1Max0 2 [MkFrel [Stop2,UpUp2 [One]],MkFrel [Up2,UpUp2 [Zero]]] [MkFrel [Stop2,UpUp2 [Zero]],MkFrel [UpUp2 [One],Up2]]) [RepTwo (Min1Max0 2 [MkFrel [Stop2,UpUp2 [One]]] [MkFrel [UpUp2 [One],UpUp2 [Zero]]])]),UpUp2 [Zero],UpUp2 [Stop2]],MkFrel [Rep (Rep2 (Min1Max0 2 [MkFrel [Stop2,Stop2]] []) (Min1Max0 2 [MkFrel [Stop2,UpUp2 [One]],MkFrel [UpUp2 [Zero],UpUp2 [Zero]]] [MkFrel [Up2,UpUp2 [Zero]],MkFrel [UpUp2 [One],Up2]]) [RepTwo (Min1Max0 2 [MkFrel [Stop2,UpUp2 [One]]] [MkFrel [UpUp2 [One],UpUp2 [Zero]]])]),UpUp2 [Zero],UpUp2 [Up2]],MkFrel [Rep (Rep2 (Min1Max0 2 [MkFrel [Stop2,Stop2]] []) (Min1Max0 2 [MkFrel [Stop2,UpUp2 [One]],MkFrel [UpUp2 [One],UpUp2 [Zero]]] [MkFrel [UpUp2 [Zero],UpUp2 [Zero]],MkFrel [UpUp2 [One],Up2]]) [RepTwo (Min1Max0 2 [MkFrel [Stop2,UpUp2 [One]]] [MkFrel [UpUp2 [One],UpUp2 [Zero]]])]),UpUp2 [Zero],UpUp2 [UpUp2 [Zero]]],MkFrel [Rep (Rep2 (Min1Max0 2 [MkFrel [Stop2,Stop2]] []) (Min1Max0 2 [MkFrel [Up2,UpUp2 [Zero]]] [MkFrel [Stop2,UpUp2 [One]],MkFrel [UpUp2 [One],Up2]]) [RepTwo (Min1Max0 2 [MkFrel [Up2,UpUp2 [Zero]]] [MkFrel [Stop2,UpUp2 [One]],MkFrel [UpUp2 [One],Up2]])]),UpUp2 [One],UpUp2 [Stop2]],MkFrel [Rep (Rep2 (Min1Max0 2 [MkFrel [Stop2,Stop2]] []) (Min1Max0 2 [MkFrel [UpUp2 [Zero],UpUp2 [Zero]]] [MkFrel [Up2,UpUp2 [One]],MkFrel [UpUp2 [One],Up2]]) [RepTwo (Min1Max0 2 [MkFrel [UpUp2 [Zero],UpUp2 [Zero]]] [MkFrel [Up2,UpUp2 [One]],MkFrel [UpUp2 [One],Up2]])]),UpUp2 [One],UpUp2 [Up2]],MkFrel [Rep (Rep2 (Min1Max0 2 [MkFrel [Stop2,Stop2]] []) (Min1Max0 2 [MkFrel [UpUp2 [One],UpUp2 [Zero]]] [MkFrel [UpUp2 [Zero],UpUp2 [One]],MkFrel [UpUp2 [One],Up2]]) [RepTwo (Min1Max0 2 [MkFrel [UpUp2 [One],UpUp2 [Zero]]] [MkFrel [UpUp2 [Zero],UpUp2 [One]],MkFrel [UpUp2 [One],Up2]])]),UpUp2 [One],UpUp2 [UpUp2 [Zero]]],MkFrel [Rep (Rep2 (Min1Max0 2 [MkFrel [Stop2,Up2]] [MkFrel [UpUp2 [One],Stop2]]) (Min1Max0 2 [MkFrel [Stop2,Up2]] [MkFrel [UpUp2 [One],Stop2]]) [RepTwo (Min1Max0 2 [MkFrel [Stop2,Up2]] [MkFrel [UpUp2 [One],Stop2]])]),Stop2,UpUp2 [UpUp2 [One]]],MkFrel [Rep (Rep2 (Min1Max0 2 [MkFrel [Stop2,Up2]] [MkFrel [UpUp2 [One],Stop2]]) (Min1Max0 2 [MkFrel [Stop2,Up2]] [MkFrel [UpUp2 [One],Stop2]]) [RepTwo (Min1Max0 2 [MkFrel [Stop2,Up2]] [MkFrel [UpUp2 [One],Stop2]])]),UpUp2 [One],Up2],MkFrel [Rep (Rep2 (Min1Max0 2 [MkFrel [Stop2,UpUp2 [One]],MkFrel [Up2,Up2]] [MkFrel [Stop2,UpUp2 [Zero]],MkFrel [UpUp2 [One],Stop2]]) (Min1Max0 2 [MkFrel [Stop2,UpUp2 [One]],MkFrel [Up2,Up2]] [MkFrel [Stop2,UpUp2 [Zero]],MkFrel [UpUp2 [One],Stop2]]) [RepTwo (Min1Max0 2 [MkFrel [Stop2,UpUp2 [One]]] [MkFrel [UpUp2 [One],UpUp2 [Zero]]])]),UpUp2 [Zero],UpUp2 [Stop2]],MkFrel [Rep (Rep2 (Min1Max0 2 [MkFrel [Stop2,UpUp2 [One]],MkFrel [UpUp2 [Zero],Up2]] [MkFrel [Up2,UpUp2 [Zero]],MkFrel [UpUp2 [One],Stop2]]) (Min1Max0 2 [MkFrel [Stop2,UpUp2 [One]],MkFrel [UpUp2 [Zero],Up2]] [MkFrel [Up2,UpUp2 [Zero]],MkFrel [UpUp2 [One],Stop2]]) [RepTwo (Min1Max0 2 [MkFrel [Stop2,UpUp2 [One]]] [MkFrel [UpUp2 [One],UpUp2 [Zero]]])]),UpUp2 [Zero],UpUp2 [Up2]],MkFrel [Rep (Rep2 (Min1Max0 2 [MkFrel [Stop2,UpUp2 [One]],MkFrel [UpUp2 [One],Up2]] [MkFrel [UpUp2 [Zero],UpUp2 [Zero]],MkFrel [UpUp2 [One],Stop2]]) (Min1Max0 2 [MkFrel [Stop2,UpUp2 [One]],MkFrel [UpUp2 [One],Up2]] [MkFrel [UpUp2 [Zero],UpUp2 [Zero]],MkFrel [UpUp2 [One],Stop2]]) [RepTwo (Min1Max0 2 [MkFrel [Stop2,UpUp2 [One]]] [MkFrel [UpUp2 [One],UpUp2 [Zero]]])]),UpUp2 [Zero],UpUp2 [UpUp2 [Zero]]],MkFrel [Rep (Rep2 (Min1Max0 2 [MkFrel [Up2,Up2]] [MkFrel [Stop2,UpUp2 [One]],MkFrel [UpUp2 [One],Stop2]]) (Min1Max0 2 [MkFrel [Up2,Up2]] [MkFrel [Stop2,UpUp2 [One]],MkFrel [UpUp2 [One],Stop2]]) [RepTwo (Min1Max0 2 [MkFrel [Up2,Up2]] [MkFrel [Stop2,UpUp2 [One]],MkFrel [UpUp2 [One],Stop2]])]),UpUp2 [One],UpUp2 [Stop2]],MkFrel [Rep (Rep2 (Min1Max0 2 [MkFrel [UpUp2 [Zero],Up2]] [MkFrel [Up2,UpUp2 [One]],MkFrel [UpUp2 [One],Stop2]]) (Min1Max0 2 [MkFrel [UpUp2 [Zero],Up2]] [MkFrel [Up2,UpUp2 [One]],MkFrel [UpUp2 [One],Stop2]]) [RepTwo (Min1Max0 2 [MkFrel [UpUp2 [Zero],Up2]] [MkFrel [Up2,UpUp2 [One]],MkFrel [UpUp2 [One],Stop2]])]),UpUp2 [One],UpUp2 [Up2]],MkFrel [Rep (Rep2 (Min1Max0 2 [MkFrel [UpUp2 [One],Up2]] [MkFrel [UpUp2 [Zero],UpUp2 [One]],MkFrel [UpUp2 [One],Stop2]]) (Min1Max0 2 [MkFrel [UpUp2 [One],Up2]] [MkFrel [UpUp2 [Zero],UpUp2 [One]],MkFrel [UpUp2 [One],Stop2]]) [RepTwo (Min1Max0 2 [MkFrel [UpUp2 [One],Up2]] [MkFrel [UpUp2 [Zero],UpUp2 [One]],MkFrel [UpUp2 [One],Stop2]])]),UpUp2 [One],UpUp2 [UpUp2 [Zero]]]]) [RepTwo (Min1Max0 3 [MkFrel [Rep (Rep2 (Min1Max0 2 [] [MkFrel [UpUp2 [One],UpUp2 [One]]]) (Min1Max0 2 [] [MkFrel [UpUp2 [One],UpUp2 [One]]]) [RepTwo (Min1Max0 2 [] [MkFrel [UpUp2 [One],UpUp2 [One]]])]),UpUp2 [One],UpUp2 [UpUp2 [One]]],MkFrel [Rep (Rep2 (Min1Max0 2 [MkFrel [Stop2,UpUp2 [One]]] [MkFrel [UpUp2 [One],UpUp2 [Zero]]]) (Min1Max0 2 [MkFrel [Stop2,UpUp2 [One]]] [MkFrel [UpUp2 [One],UpUp2 [Zero]]]) [RepTwo (Min1Max0 2 [MkFrel [Stop2,UpUp2 [One]]] [MkFrel [UpUp2 [One],UpUp2 [Zero]]])]),UpUp2 [One],UpUp2 [Stop2]],MkFrel [Rep (Rep2 (Min1Max0 2 [MkFrel [Stop2,UpUp2 [One]],MkFrel [UpUp2 [One],Up2]] [MkFrel [UpUp2 [Zero],UpUp2 [Zero]],MkFrel [UpUp2 [One],Stop2]]) (Min1Max0 2 [MkFrel [UpUp2 [One],Up2]] [MkFrel [UpUp2 [Zero],UpUp2 [One]],MkFrel [UpUp2 [One],Stop2]]) [RepTwo (Min1Max0 2 [MkFrel [UpUp2 [One],UpUp2 [Zero]]] [MkFrel [UpUp2 [Zero],UpUp2 [One]],MkFrel [UpUp2 [One],Up2]])]),Up2,UpUp2 [Stop2]],MkFrel [Rep (Rep2 (Min1Max0 2 [MkFrel [Stop2,UpUp2 [One]],MkFrel [UpUp2 [One],UpUp2 [Zero]]] [MkFrel [UpUp2 [Zero],UpUp2 [Zero]],MkFrel [UpUp2 [One],Up2]]) (Min1Max0 2 [MkFrel [Stop2,UpUp2 [One]],MkFrel [UpUp2 [One],UpUp2 [Zero]]] [MkFrel [UpUp2 [Zero],UpUp2 [Zero]],MkFrel [UpUp2 [One],Up2]]) [RepTwo (Min1Max0 2 [MkFrel [UpUp2 [One],UpUp2 [Zero]]] [MkFrel [UpUp2 [Zero],UpUp2 [One]],MkFrel [UpUp2 [One],Up2]])]),UpUp2 [Zero],UpUp2 [Stop2]],MkFrel [Rep (Rep2 (Min1Max0 2 [MkFrel [Up2,UpUp2 [One]]] [MkFrel [Stop2,UpUp2 [One]],MkFrel [UpUp2 [One],UpUp2 [Zero]]]) (Min1Max0 2 [MkFrel [Up2,UpUp2 [One]]] [MkFrel [Stop2,UpUp2 [One]],MkFrel [UpUp2 [One],UpUp2 [Zero]]]) [RepTwo (Min1Max0 2 [MkFrel [Up2,UpUp2 [One]]] [MkFrel [Stop2,UpUp2 [One]],MkFrel [UpUp2 [One],UpUp2 [Zero]]])]),UpUp2 [One],UpUp2 [Up2]],MkFrel [Rep (Rep2 (Min1Max0 2 [MkFrel [Up2,UpUp2 [One]],MkFrel [UpUp2 [One],Up2]] [MkFrel [Stop2,UpUp2 [One]],MkFrel [UpUp2 [Zero],UpUp2 [Zero]],MkFrel [UpUp2 [One],Stop2]]) (Min1Max0 2 [MkFrel [UpUp2 [One],Up2]] [MkFrel [UpUp2 [Zero],UpUp2 [One]],MkFrel [UpUp2 [One],Stop2]]) [RepTwo (Min1Max0 2 [MkFrel [UpUp2 [One],UpUp2 [Zero]]] [MkFrel [UpUp2 [Zero],UpUp2 [One]],MkFrel [UpUp2 [One],Up2]])]),Up2,UpUp2 [Up2]],MkFrel [Rep (Rep2 (Min1Max0 2 [MkFrel [Up2,UpUp2 [One]],MkFrel [UpUp2 [One],UpUp2 [Zero]]] [MkFrel [Stop2,UpUp2 [One]],MkFrel [UpUp2 [Zero],UpUp2 [Zero]],MkFrel [UpUp2 [One],Up2]]) (Min1Max0 2 [MkFrel [Up2,UpUp2 [One]],MkFrel [UpUp2 [One],UpUp2 [Zero]]] [MkFrel [Stop2,UpUp2 [One]],MkFrel [UpUp2 [Zero],UpUp2 [Zero]],MkFrel [UpUp2 [One],Up2]]) [RepTwo (Min1Max0 2 [MkFrel [UpUp2 [One],UpUp2 [Zero]]] [MkFrel [UpUp2 [Zero],UpUp2 [One]],MkFrel [UpUp2 [One],Up2]])]),UpUp2 [Zero],UpUp2 [Up2]],MkFrel [Rep (Rep2 (Min1Max0 2 [MkFrel [UpUp2 [Zero],UpUp2 [One]]] [MkFrel [Up2,UpUp2 [One]],MkFrel [UpUp2 [One],UpUp2 [Zero]]]) (Min1Max0 2 [MkFrel [UpUp2 [Zero],UpUp2 [One]]] [MkFrel [Up2,UpUp2 [One]],MkFrel [UpUp2 [One],UpUp2 [Zero]]]) [RepTwo (Min1Max0 2 [MkFrel [UpUp2 [Zero],UpUp2 [One]]] [MkFrel [Up2,UpUp2 [One]],MkFrel [UpUp2 [One],UpUp2 [Zero]]])]),UpUp2 [One],UpUp2 [UpUp2 [Zero]]],MkFrel [Rep (Rep2 (Min1Max0 2 [MkFrel [UpUp2 [Zero],UpUp2 [One]],MkFrel [UpUp2 [One],Up2]] [MkFrel [Up2,UpUp2 [One]],MkFrel [UpUp2 [Zero],UpUp2 [Zero]],MkFrel [UpUp2 [One],Stop2]]) (Min1Max0 2 [MkFrel [UpUp2 [One],Up2]] [MkFrel [UpUp2 [Zero],UpUp2 [One]],MkFrel [UpUp2 [One],Stop2]]) [RepTwo (Min1Max0 2 [MkFrel [UpUp2 [One],UpUp2 [Zero]]] [MkFrel [UpUp2 [Zero],UpUp2 [One]],MkFrel [UpUp2 [One],Up2]])]),Up2,UpUp2 [UpUp2 [Zero]]],MkFrel [Rep (Rep2 (Min1Max0 2 [MkFrel [UpUp2 [Zero],UpUp2 [One]],MkFrel [UpUp2 [One],UpUp2 [Zero]]] [MkFrel [Up2,UpUp2 [One]],MkFrel [UpUp2 [Zero],UpUp2 [Zero]],MkFrel [UpUp2 [One],Up2]]) (Min1Max0 2 [MkFrel [UpUp2 [Zero],UpUp2 [One]],MkFrel [UpUp2 [One],UpUp2 [Zero]]] [MkFrel [Up2,UpUp2 [One]],MkFrel [UpUp2 [Zero],UpUp2 [Zero]],MkFrel [UpUp2 [One],Up2]]) [RepTwo (Min1Max0 2 [MkFrel [UpUp2 [One],UpUp2 [Zero]]] [MkFrel [UpUp2 [Zero],UpUp2 [One]],MkFrel [UpUp2 [One],Up2]])]),UpUp2 [Zero],UpUp2 [UpUp2 [Zero]]],MkFrel [Rep (Rep2 (Min1Max0 2 [MkFrel [UpUp2 [One],Stop2]] [MkFrel [UpUp2 [Zero],UpUp2 [One]]]) (Min1Max0 2 [MkFrel [UpUp2 [One],Up2]] [MkFrel [UpUp2 [Zero],UpUp2 [One]],MkFrel [UpUp2 [One],Stop2]]) [RepTwo (Min1Max0 2 [MkFrel [UpUp2 [One],UpUp2 [Zero]]] [MkFrel [UpUp2 [Zero],UpUp2 [One]],MkFrel [UpUp2 [One],Up2]])]),Stop2,Up2],MkFrel [Rep (Rep2 (Min1Max0 2 [MkFrel [UpUp2 [One],Up2]] [MkFrel [UpUp2 [Zero],UpUp2 [One]],MkFrel [UpUp2 [One],Stop2]]) (Min1Max0 2 [MkFrel [UpUp2 [One],Up2]] [MkFrel [UpUp2 [Zero],UpUp2 [One]],MkFrel [UpUp2 [One],Stop2]]) [RepTwo (Min1Max0 2 [MkFrel [UpUp2 [One],UpUp2 [Zero]]] [MkFrel [UpUp2 [Zero],UpUp2 [One]],MkFrel [UpUp2 [One],Up2]])]),Up2,UpUp2 [UpUp2 [One]]],MkFrel [Rep (Rep2 (Min1Max0 2 [MkFrel [UpUp2 [One],UpUp2 [Zero]]] [MkFrel [UpUp2 [Zero],UpUp2 [One]],MkFrel [UpUp2 [One],Up2]]) (Min1Max0 2 [MkFrel [UpUp2 [One],UpUp2 [Zero]]] [MkFrel [UpUp2 [Zero],UpUp2 [One]],MkFrel [UpUp2 [One],Up2]]) [RepTwo (Min1Max0 2 [MkFrel [UpUp2 [One],UpUp2 [Zero]]] [MkFrel [UpUp2 [Zero],UpUp2 [One]],MkFrel [UpUp2 [One],Up2]])]),UpUp2 [Zero],UpUp2 [UpUp2 [One]]]] [MkFrel [Rep (Rep2 (Min1Max0 2 [MkFrel [Stop2,Stop2]] []) (Min1Max0 2 [MkFrel [Stop2,Stop2]] []) [RepTwo (Min1Max0 2 [MkFrel [Stop2,Stop2]] [])]),UpUp2 [One],Stop2],MkFrel [Rep (Rep2 (Min1Max0 2 [MkFrel [Stop2,Stop2]] []) (Min1Max0 2 [MkFrel [Stop2,Stop2]] []) [RepTwo (Min1Max0 2 [MkFrel [Stop2,UpUp2 [One]]] [MkFrel [UpUp2 [One],UpUp2 [Zero]]])]),UpUp2 [Zero],UpUp2 [UpUp2 [One]]],MkFrel [Rep (Rep2 (Min1Max0 2 [MkFrel [Stop2,Stop2]] []) (Min1Max0 2 [MkFrel [Stop2,Stop2]] []) [RepTwo (Min1Max0 2 [MkFrel [Stop2,UpUp2 [One]]] [MkFrel [UpUp2 [One],UpUp2 [Zero]]])]),UpUp2 [One],Up2],MkFrel [Rep (Rep2 (Min1Max0 2 [MkFrel [Stop2,Stop2]] []) (Min1Max0 2 [MkFrel [Stop2,Stop2]] []) [RepTwo (Min1Max0 2 [MkFrel [Up2,UpUp2 [One]]] [MkFrel [Stop2,UpUp2 [One]],MkFrel [UpUp2 [One],UpUp2 [Zero]]])]),UpUp2 [One],UpUp2 [Stop2]],MkFrel [Rep (Rep2 (Min1Max0 2 [MkFrel [Stop2,Stop2]] []) (Min1Max0 2 [MkFrel [Stop2,Stop2]] []) [RepTwo (Min1Max0 2 [MkFrel [UpUp2 [Zero],UpUp2 [One]]] [MkFrel [Up2,UpUp2 [One]],MkFrel [UpUp2 [One],UpUp2 [Zero]]])]),UpUp2 [One],UpUp2 [Up2]],MkFrel [Rep (Rep2 (Min1Max0 2 [MkFrel [Stop2,Stop2]] []) (Min1Max0 2 [MkFrel [Stop2,Stop2]] []) [RepTwo (Min1Max0 2 [MkFrel [UpUp2 [One],UpUp2 [One]]] [MkFrel [UpUp2 [Zero],UpUp2 [One]],MkFrel [UpUp2 [One],UpUp2 [Zero]]])]),UpUp2 [One],UpUp2 [UpUp2 [Zero]]],MkFrel [Rep (Rep2 (Min1Max0 2 [MkFrel [Stop2,Stop2]] []) (Min1Max0 2 [MkFrel [Stop2,UpUp2 [Zero]]] [MkFrel [UpUp2 [One],Up2]]) [RepTwo (Min1Max0 2 [MkFrel [Stop2,UpUp2 [Zero]]] [MkFrel [UpUp2 [One],Up2]])]),Up2,UpUp2 [UpUp2 [One]]],MkFrel [Rep (Rep2 (Min1Max0 2 [MkFrel [Stop2,Stop2]] []) (Min1Max0 2 [MkFrel [Stop2,UpUp2 [Zero]]] [MkFrel [UpUp2 [One],Up2]]) [RepTwo (Min1Max0 2 [MkFrel [Stop2,UpUp2 [Zero]]] [MkFrel [UpUp2 [One],Up2]])]),UpUp2 [One],Up2],MkFrel [Rep (Rep2 (Min1Max0 2 [MkFrel [Stop2,Stop2]] []) (Min1Max0 2 [MkFrel [Up2,UpUp2 [Zero]]] [MkFrel [Stop2,UpUp2 [One]],MkFrel [UpUp2 [One],Up2]]) [RepTwo (Min1Max0 2 [MkFrel [Up2,UpUp2 [Zero]]] [MkFrel [Stop2,UpUp2 [One]],MkFrel [UpUp2 [One],Up2]])]),UpUp2 [One],UpUp2 [Stop2]],MkFrel [Rep (Rep2 (Min1Max0 2 [MkFrel [Stop2,Stop2]] []) (Min1Max0 2 [MkFrel [UpUp2 [Zero],UpUp2 [Zero]]] [MkFrel [Up2,UpUp2 [One]],MkFrel [UpUp2 [One],Up2]]) [RepTwo (Min1Max0 2 [MkFrel [UpUp2 [Zero],UpUp2 [Zero]]] [MkFrel [Up2,UpUp2 [One]],MkFrel [UpUp2 [One],Up2]])]),UpUp2 [One],UpUp2 [Up2]],MkFrel [Rep (Rep2 (Min1Max0 2 [MkFrel [Stop2,Stop2]] []) (Min1Max0 2 [MkFrel [UpUp2 [One],UpUp2 [Zero]]] [MkFrel [UpUp2 [Zero],UpUp2 [One]],MkFrel [UpUp2 [One],Up2]]) [RepTwo (Min1Max0 2 [MkFrel [UpUp2 [One],UpUp2 [Zero]]] [MkFrel [UpUp2 [Zero],UpUp2 [One]],MkFrel [UpUp2 [One],Up2]])]),UpUp2 [One],UpUp2 [UpUp2 [Zero]]],MkFrel [Rep (Rep2 (Min1Max0 2 [MkFrel [Stop2,Up2]] [MkFrel [UpUp2 [One],Stop2]]) (Min1Max0 2 [MkFrel [Stop2,Up2]] [MkFrel [UpUp2 [One],Stop2]]) [RepTwo (Min1Max0 2 [MkFrel [Stop2,Up2]] [MkFrel [UpUp2 [One],Stop2]])]),Stop2,UpUp2 [UpUp2 [One]]],MkFrel [Rep (Rep2 (Min1Max0 2 [MkFrel [Stop2,Up2]] [MkFrel [UpUp2 [One],Stop2]]) (Min1Max0 2 [MkFrel [Stop2,Up2]] [MkFrel [UpUp2 [One],Stop2]]) [RepTwo (Min1Max0 2 [MkFrel [Stop2,Up2]] [MkFrel [UpUp2 [One],Stop2]])]),UpUp2 [One],Up2],MkFrel [Rep (Rep2 (Min1Max0 2 [MkFrel [Up2,Up2]] [MkFrel [Stop2,UpUp2 [One]],MkFrel [UpUp2 [One],Stop2]]) (Min1Max0 2 [MkFrel [Up2,Up2]] [MkFrel [Stop2,UpUp2 [One]],MkFrel [UpUp2 [One],Stop2]]) [RepTwo (Min1Max0 2 [MkFrel [Up2,Up2]] [MkFrel [Stop2,UpUp2 [One]],MkFrel [UpUp2 [One],Stop2]])]),UpUp2 [One],UpUp2 [Stop2]],MkFrel [Rep (Rep2 (Min1Max0 2 [MkFrel [UpUp2 [Zero],Up2]] [MkFrel [Up2,UpUp2 [One]],MkFrel [UpUp2 [One],Stop2]]) (Min1Max0 2 [MkFrel [UpUp2 [Zero],Up2]] [MkFrel [Up2,UpUp2 [One]],MkFrel [UpUp2 [One],Stop2]]) [RepTwo (Min1Max0 2 [MkFrel [UpUp2 [Zero],Up2]] [MkFrel [Up2,UpUp2 [One]],MkFrel [UpUp2 [One],Stop2]])]),UpUp2 [One],UpUp2 [Up2]],MkFrel [Rep (Rep2 (Min1Max0 2 [MkFrel [UpUp2 [One],Up2]] [MkFrel [UpUp2 [Zero],UpUp2 [One]],MkFrel [UpUp2 [One],Stop2]]) (Min1Max0 2 [MkFrel [UpUp2 [One],Up2]] [MkFrel [UpUp2 [Zero],UpUp2 [One]],MkFrel [UpUp2 [One],Stop2]]) [RepTwo (Min1Max0 2 [MkFrel [UpUp2 [One],Up2]] [MkFrel [UpUp2 [Zero],UpUp2 [One]],MkFrel [UpUp2 [One],Stop2]])]),UpUp2 [One],UpUp2 [UpUp2 [Zero]]]])]


Domains for "_append" are
       4   [Two,Two]
       8   [Lift2 [Two],Two]
      16   [Lift2 [Two],Lift2 [Two]]

Evaluated at size       4 using    7 evals live "_append"
Evaluated at size       4 using    7 evals live "_append"
Evaluated at size       4 using    7 evals safe "_append"
Evaluated at size       8 using    3 evals live "_append"
Evaluated at size       8 using    2 evals live "_append"
Evaluated at size       8 using    2 evals safe "_append"
Evaluated at size      16 using    4 evals live "_append"
Evaluated at size      16 using    4 evals live "_append"
Evaluated at size      16 using    2 evals live "_append"
Evaluated at size      16 using    2 evals safe "_append"

Function "_append" has input domains:
   1) {0 1 2 3}
   2) {0 1 2 3}
   and output domain
      {0 1 2 3}

   Output  |  Lower frontier
   --------+----------------
       3   |  3 3
       2   |  2 2
       1   |  1 0
       0   |  0 0



Domains for "_concat44" are
       2   [Two]
       4   [Lift2 [Two]]
       6   [Lift2 [Lift2 [Two]]]

Evaluated at size       2 using    4 evals safe "_concat44"
Evaluated at size       2 using    4 evals live "_concat44"
Evaluated at size       4 using    3 evals safe "_concat44"
Evaluated at size       4 using    3 evals live "_concat44"
Evaluated at size       6 using    2 evals safe "_concat44"
Evaluated at size       6 using    2 evals live "_concat44"

Function "_concat44" has input domains:
   1) {0 1 2 3 4 5}
   and output domain
      {0 1 2 3}

   Output  |  Lower frontier
   --------+----------------
       3   |  5
       2   |  4
       1   |  1
       0   |  0



